{"meta": {"format": 3, "version": "7.10.7", "timestamp": "2026-07-11T23:56:09.469078", "branch_coverage": false, "show_contexts": false}, "files": {"metis/__init__.py": {"executed_lines": [1, 3, 4, 6, 7], "summary": {"covered_lines": 4, "num_statements": 4, "percent_covered": 100.0, "percent_covered_display": "100", "missing_lines": 0, "excluded_lines": 0}, "missing_lines": [], "excluded_lines": [], "functions": {"": {"executed_lines": [1, 3, 4, 6, 7], "summary": {"covered_lines": 4, "num_statements": 4, "percent_covered": 100.0, "percent_covered_display": "100", "missing_lines": 0, "excluded_lines": 0}, "missing_lines": [], "excluded_lines": []}}, "classes": {"": {"executed_lines": [1, 3, 4, 6, 7], "summary": {"covered_lines": 4, "num_statements": 4, "percent_covered": 100.0, "percent_covered_display": "100", "missing_lines": 0, "excluded_lines": 0}, "missing_lines": [], "excluded_lines": []}}}, "metis/agents/__init__.py": {"executed_lines": [1], "summary": {"covered_lines": 0, "num_statements": 0, "percent_covered": 100.0, "percent_covered_display": "100", "missing_lines": 0, "excluded_lines": 0}, "missing_lines": [], "excluded_lines": [], "functions": {"": {"executed_lines": [], "summary": {"covered_lines": 0, "num_statements": 0, "percent_covered": 100.0, "percent_covered_display": "100", "missing_lines": 0, "excluded_lines": 0}, "missing_lines": [], "excluded_lines": []}}, "classes": {"": {"executed_lines": [], "summary": {"covered_lines": 0, "num_statements": 0, "percent_covered": 100.0, "percent_covered_display": "100", "missing_lines": 0, "excluded_lines": 0}, "missing_lines": [], "excluded_lines": []}}}, "metis/agents/capability.py": {"executed_lines": [1, 18, 20, 21, 23, 29, 30, 63, 64, 65, 66, 67, 70, 71, 72, 73, 75, 77, 80, 81, 82, 83, 84, 85, 89, 92, 100, 112, 116, 117, 118, 119, 120, 121, 122, 123, 124, 125, 126, 127, 128, 129, 130, 136, 138, 141, 142, 145, 146, 149, 161, 162, 163, 164, 166, 167, 168, 170, 171, 172, 173, 174, 177, 179, 185, 195, 198, 209, 229], "summary": {"covered_lines": 67, "num_statements": 98, "percent_covered": 68.36734693877551, "percent_covered_display": "68", "missing_lines": 31, "excluded_lines": 2}, "missing_lines": [74, 76, 94, 199, 200, 201, 202, 203, 204, 205, 206, 211, 213, 214, 215, 216, 217, 218, 219, 220, 221, 222, 224, 225, 226, 231, 232, 233, 234, 235, 236], "excluded_lines": [23, 24], "functions": {"tier_of": {"executed_lines": [71, 72, 73, 75, 77], "summary": {"covered_lines": 5, "num_statements": 7, "percent_covered": 71.42857142857143, "percent_covered_display": "71", "missing_lines": 2, "excluded_lines": 0}, "missing_lines": [74, 76], "excluded_lines": []}, "_normalize": {"executed_lines": [81, 82, 83, 84, 85], "summary": {"covered_lines": 5, "num_statements": 5, "percent_covered": 100.0, "percent_covered_display": "100", "missing_lines": 0, "excluded_lines": 0}, "missing_lines": [], "excluded_lines": []}, "load_calibration": {"executed_lines": [], "summary": {"covered_lines": 0, "num_statements": 1, "percent_covered": 0.0, "percent_covered_display": "0", "missing_lines": 1, "excluded_lines": 0}, "missing_lines": [94], "excluded_lines": []}, "capability_of": {"executed_lines": [116, 117, 118, 119, 120, 121, 122, 123, 124, 125, 126, 127, 128, 129, 130], "summary": {"covered_lines": 15, "num_statements": 15, "percent_covered": 100.0, "percent_covered_display": "100", "missing_lines": 0, "excluded_lines": 0}, "missing_lines": [], "excluded_lines": []}, "strongest": {"executed_lines": [142], "summary": {"covered_lines": 1, "num_statements": 1, "percent_covered": 100.0, "percent_covered_display": "100", "missing_lines": 0, "excluded_lines": 0}, "missing_lines": [], "excluded_lines": []}, "_reslot": {"executed_lines": [146], "summary": {"covered_lines": 1, "num_statements": 1, "percent_covered": 100.0, "percent_covered_display": "100", "missing_lines": 0, "excluded_lines": 0}, "missing_lines": [], "excluded_lines": []}, "gate_role": {"executed_lines": [161, 162, 163, 164, 166, 167, 168, 170, 171, 172, 173, 174], "summary": {"covered_lines": 12, "num_statements": 12, "percent_covered": 100.0, "percent_covered_display": "100", "missing_lines": 0, "excluded_lines": 0}, "missing_lines": [], "excluded_lines": []}, "excluded_from_council": {"executed_lines": [179], "summary": {"covered_lines": 1, "num_statements": 1, "percent_covered": 100.0, "percent_covered_display": "100", "missing_lines": 0, "excluded_lines": 0}, "missing_lines": [], "excluded_lines": []}, "_grade": {"executed_lines": [], "summary": {"covered_lines": 0, "num_statements": 8, "percent_covered": 0.0, "percent_covered_display": "0", "missing_lines": 8, "excluded_lines": 0}, "missing_lines": [199, 200, 201, 202, 203, 204, 205, 206], "excluded_lines": []}, "calibrate_model": {"executed_lines": [], "summary": {"covered_lines": 0, "num_statements": 14, "percent_covered": 0.0, "percent_covered_display": "0", "missing_lines": 14, "excluded_lines": 0}, "missing_lines": [211, 213, 214, 215, 216, 217, 218, 219, 220, 221, 222, 224, 225, 226], "excluded_lines": []}, "calibrate_pool": {"executed_lines": [], "summary": {"covered_lines": 0, "num_statements": 6, "percent_covered": 0.0, "percent_covered_display": "0", "missing_lines": 6, "excluded_lines": 0}, "missing_lines": [231, 232, 233, 234, 235, 236], "excluded_lines": []}, "": {"executed_lines": [1, 18, 20, 21, 23, 29, 30, 63, 64, 65, 66, 67, 70, 80, 89, 92, 100, 112, 136, 138, 141, 145, 149, 177, 185, 195, 198, 209, 229], "summary": {"covered_lines": 27, "num_statements": 27, "percent_covered": 100.0, "percent_covered_display": "100", "missing_lines": 0, "excluded_lines": 2}, "missing_lines": [], "excluded_lines": [23, 24]}}, "classes": {"Tier": {"executed_lines": [], "summary": {"covered_lines": 0, "num_statements": 0, "percent_covered": 100.0, "percent_covered_display": "100", "missing_lines": 0, "excluded_lines": 0}, "missing_lines": [], "excluded_lines": []}, "": {"executed_lines": [1, 18, 20, 21, 23, 29, 30, 63, 64, 65, 66, 67, 70, 71, 72, 73, 75, 77, 80, 81, 82, 83, 84, 85, 89, 92, 100, 112, 116, 117, 118, 119, 120, 121, 122, 123, 124, 125, 126, 127, 128, 129, 130, 136, 138, 141, 142, 145, 146, 149, 161, 162, 163, 164, 166, 167, 168, 170, 171, 172, 173, 174, 177, 179, 185, 195, 198, 209, 229], "summary": {"covered_lines": 67, "num_statements": 98, "percent_covered": 68.36734693877551, "percent_covered_display": "68", "missing_lines": 31, "excluded_lines": 2}, "missing_lines": [74, 76, 94, 199, 200, 201, 202, 203, 204, 205, 206, 211, 213, 214, 215, 216, 217, 218, 219, 220, 221, 222, 224, 225, 226, 231, 232, 233, 234, 235, 236], "excluded_lines": [23, 24]}}}, "metis/agents/council.py": {"executed_lines": [1, 3, 5, 6, 8, 9, 10, 11, 12, 13, 15, 19, 23, 27, 31, 44, 47, 60, 62, 63, 64, 65, 66, 68, 69, 70, 71, 72, 74, 75, 76, 77, 81, 85, 93, 94, 95, 96, 99, 101, 105, 107, 108, 112, 121, 122, 124, 127, 139, 140, 141, 142], "summary": {"covered_lines": 51, "num_statements": 58, "percent_covered": 87.93103448275862, "percent_covered_display": "88", "missing_lines": 7, "excluded_lines": 0}, "missing_lines": [97, 109, 110, 123, 125, 143, 144], "excluded_lines": [], "functions": {"run_understanding_council": {"executed_lines": [60, 62, 63, 64, 65, 66, 68, 69, 70, 71, 72, 74, 75, 76, 77, 81, 85, 93, 94, 95, 96, 99, 101, 105, 107, 108, 112, 121, 122, 124, 127], "summary": {"covered_lines": 31, "num_statements": 36, "percent_covered": 86.11111111111111, "percent_covered_display": "86", "missing_lines": 5, "excluded_lines": 0}, "missing_lines": [97, 109, 110, 123, 125], "excluded_lines": []}, "_safe_json_call": {"executed_lines": [140, 141, 142], "summary": {"covered_lines": 3, "num_statements": 5, "percent_covered": 60.0, "percent_covered_display": "60", "missing_lines": 2, "excluded_lines": 0}, "missing_lines": [143, 144], "excluded_lines": []}, "": {"executed_lines": [1, 3, 5, 6, 8, 9, 10, 11, 12, 13, 15, 19, 23, 27, 31, 44, 47, 139], "summary": {"covered_lines": 17, "num_statements": 17, "percent_covered": 100.0, "percent_covered_display": "100", "missing_lines": 0, "excluded_lines": 0}, "missing_lines": [], "excluded_lines": []}}, "classes": {"": {"executed_lines": [1, 3, 5, 6, 8, 9, 10, 11, 12, 13, 15, 19, 23, 27, 31, 44, 47, 60, 62, 63, 64, 65, 66, 68, 69, 70, 71, 72, 74, 75, 76, 77, 81, 85, 93, 94, 95, 96, 99, 101, 105, 107, 108, 112, 121, 122, 124, 127, 139, 140, 141, 142], "summary": {"covered_lines": 51, "num_statements": 58, "percent_covered": 87.93103448275862, "percent_covered_display": "88", "missing_lines": 7, "excluded_lines": 0}, "missing_lines": [97, 109, 110, 123, 125, 143, 144], "excluded_lines": []}}}, "metis/agents/diversity.py": {"executed_lines": [1, 8, 10, 11, 13, 16, 17, 18, 19, 20, 23, 37, 40, 41, 43, 44, 51, 52, 53, 55, 57, 58, 60, 63, 65, 66, 67, 68, 69, 70, 71, 72, 73], "summary": {"covered_lines": 32, "num_statements": 33, "percent_covered": 96.96969696969697, "percent_covered_display": "97", "missing_lines": 1, "excluded_lines": 0}, "missing_lines": [38], "excluded_lines": [], "functions": {"check_council_diversity": {"executed_lines": [37, 40, 41, 43, 44, 51, 52, 53, 55, 57, 58, 60], "summary": {"covered_lines": 12, "num_statements": 13, "percent_covered": 92.3076923076923, "percent_covered_display": "92", "missing_lines": 1, "excluded_lines": 0}, "missing_lines": [38], "excluded_lines": []}, "diversify_temperatures": {"executed_lines": [65, 66, 67, 68, 69, 70, 71, 72, 73], "summary": {"covered_lines": 9, "num_statements": 9, "percent_covered": 100.0, "percent_covered_display": "100", "missing_lines": 0, "excluded_lines": 0}, "missing_lines": [], "excluded_lines": []}, "": {"executed_lines": [1, 8, 10, 11, 13, 16, 17, 18, 19, 20, 23, 63], "summary": {"covered_lines": 11, "num_statements": 11, "percent_covered": 100.0, "percent_covered_display": "100", "missing_lines": 0, "excluded_lines": 0}, "missing_lines": [], "excluded_lines": []}}, "classes": {"DiversityReport": {"executed_lines": [], "summary": {"covered_lines": 0, "num_statements": 0, "percent_covered": 100.0, "percent_covered_display": "100", "missing_lines": 0, "excluded_lines": 0}, "missing_lines": [], "excluded_lines": []}, "": {"executed_lines": [1, 8, 10, 11, 13, 16, 17, 18, 19, 20, 23, 37, 40, 41, 43, 44, 51, 52, 53, 55, 57, 58, 60, 63, 65, 66, 67, 68, 69, 70, 71, 72, 73], "summary": {"covered_lines": 32, "num_statements": 33, "percent_covered": 96.96969696969697, "percent_covered_display": "97", "missing_lines": 1, "excluded_lines": 0}, "missing_lines": [38], "excluded_lines": []}}}, "metis/agents/loop.py": {"executed_lines": [1, 3, 5, 7, 8, 9, 10, 11, 13, 16, 20, 21, 22, 23, 24, 25, 26, 29, 39, 40, 41, 42, 44, 45, 49, 54, 55, 56, 60, 61, 64, 65, 68, 77, 81, 82, 83, 86, 91, 92, 93, 94, 96, 97, 98, 107, 110], "summary": {"covered_lines": 46, "num_statements": 61, "percent_covered": 75.40983606557377, "percent_covered_display": "75", "missing_lines": 15, "excluded_lines": 0}, "missing_lines": [46, 57, 58, 62, 78, 79, 80, 99, 100, 101, 102, 103, 104, 105, 108], "excluded_lines": [], "functions": {"run_agent_loop": {"executed_lines": [39, 40, 41, 42, 44, 45, 49, 54, 55, 56, 60, 61, 64, 65, 68, 77, 81, 82, 83, 86, 91, 92, 93, 94, 96, 97, 98, 107, 110], "summary": {"covered_lines": 29, "num_statements": 44, "percent_covered": 65.9090909090909, "percent_covered_display": "66", "missing_lines": 15, "excluded_lines": 0}, "missing_lines": [46, 57, 58, 62, 78, 79, 80, 99, 100, 101, 102, 103, 104, 105, 108], "excluded_lines": []}, "": {"executed_lines": [1, 3, 5, 7, 8, 9, 10, 11, 13, 16, 20, 21, 22, 23, 24, 25, 26, 29], "summary": {"covered_lines": 17, "num_statements": 17, "percent_covered": 100.0, "percent_covered_display": "100", "missing_lines": 0, "excluded_lines": 0}, "missing_lines": [], "excluded_lines": []}}, "classes": {"AgentState": {"executed_lines": [], "summary": {"covered_lines": 0, "num_statements": 0, "percent_covered": 100.0, "percent_covered_display": "100", "missing_lines": 0, "excluded_lines": 0}, "missing_lines": [], "excluded_lines": []}, "": {"executed_lines": [1, 3, 5, 7, 8, 9, 10, 11, 13, 16, 20, 21, 22, 23, 24, 25, 26, 29, 39, 40, 41, 42, 44, 45, 49, 54, 55, 56, 60, 61, 64, 65, 68, 77, 81, 82, 83, 86, 91, 92, 93, 94, 96, 97, 98, 107, 110], "summary": {"covered_lines": 46, "num_statements": 61, "percent_covered": 75.40983606557377, "percent_covered_display": "75", "missing_lines": 15, "excluded_lines": 0}, "missing_lines": [46, 57, 58, 62, 78, 79, 80, 99, 100, 101, 102, 103, 104, 105, 108], "excluded_lines": []}}}, "metis/agents/moa.py": {"executed_lines": [1, 3, 5, 7, 8, 9, 10, 11, 12, 13, 15, 21, 25, 32, 33, 35, 36, 37, 40, 53, 54, 55, 60, 63, 64, 65, 66, 67, 68, 70, 71, 72, 74, 79, 80, 81, 82, 84, 85, 86, 87, 89, 90, 91, 96, 97, 99, 100, 103, 104, 105, 106, 107], "summary": {"covered_lines": 52, "num_statements": 53, "percent_covered": 98.11320754716981, "percent_covered_display": "98", "missing_lines": 1, "excluded_lines": 0}, "missing_lines": [34], "excluded_lines": [], "functions": {"_should_skip_refiner": {"executed_lines": [33, 35, 36, 37], "summary": {"covered_lines": 4, "num_statements": 5, "percent_covered": 80.0, "percent_covered_display": "80", "missing_lines": 1, "excluded_lines": 0}, "missing_lines": [34], "excluded_lines": []}, "run_layered_moa": {"executed_lines": [53, 54, 55, 60, 63, 64, 65, 66, 67, 68, 70, 71, 72, 74, 79, 80, 81, 82, 84, 85, 86, 87, 89, 90, 91, 96, 97, 99, 100], "summary": {"covered_lines": 29, "num_statements": 29, "percent_covered": 100.0, "percent_covered_display": "100", "missing_lines": 0, "excluded_lines": 0}, "missing_lines": [], "excluded_lines": []}, "_build_moa_prompt": {"executed_lines": [104, 105, 106, 107], "summary": {"covered_lines": 4, "num_statements": 4, "percent_covered": 100.0, "percent_covered_display": "100", "missing_lines": 0, "excluded_lines": 0}, "missing_lines": [], "excluded_lines": []}, "": {"executed_lines": [1, 3, 5, 7, 8, 9, 10, 11, 12, 13, 15, 21, 25, 32, 40, 103], "summary": {"covered_lines": 15, "num_statements": 15, "percent_covered": 100.0, "percent_covered_display": "100", "missing_lines": 0, "excluded_lines": 0}, "missing_lines": [], "excluded_lines": []}}, "classes": {"": {"executed_lines": [1, 3, 5, 7, 8, 9, 10, 11, 12, 13, 15, 21, 25, 32, 33, 35, 36, 37, 40, 53, 54, 55, 60, 63, 64, 65, 66, 67, 68, 70, 71, 72, 74, 79, 80, 81, 82, 84, 85, 86, 87, 89, 90, 91, 96, 97, 99, 100, 103, 104, 105, 106, 107], "summary": {"covered_lines": 52, "num_statements": 53, "percent_covered": 98.11320754716981, "percent_covered_display": "98", "missing_lines": 1, "excluded_lines": 0}, "missing_lines": [34], "excluded_lines": []}}}, "metis/api/__init__.py": {"executed_lines": [1], "summary": {"covered_lines": 0, "num_statements": 0, "percent_covered": 100.0, "percent_covered_display": "100", "missing_lines": 0, "excluded_lines": 0}, "missing_lines": [], "excluded_lines": [], "functions": {"": {"executed_lines": [1], "summary": {"covered_lines": 0, "num_statements": 0, "percent_covered": 100.0, "percent_covered_display": "100", "missing_lines": 0, "excluded_lines": 0}, "missing_lines": [], "excluded_lines": []}}, "classes": {"": {"executed_lines": [1], "summary": {"covered_lines": 0, "num_statements": 0, "percent_covered": 100.0, "percent_covered_display": "100", "missing_lines": 0, "excluded_lines": 0}, "missing_lines": [], "excluded_lines": []}}}, "metis/api/app.py": {"executed_lines": [1, 3, 5, 6, 7, 8, 10, 12, 13, 14, 15, 16, 17, 18, 19, 20, 23, 24, 25, 27, 30, 31, 40, 42, 44, 45, 46, 49, 51, 57, 58, 59, 63, 73, 74, 75, 77, 79, 80, 81, 82, 83, 98, 109, 110, 113, 114, 122, 123, 125, 127, 128, 129, 130, 131, 132, 133, 134, 135, 136, 137, 138, 139, 145, 146, 148, 152, 153, 157, 158, 159, 160, 163], "summary": {"covered_lines": 72, "num_statements": 90, "percent_covered": 80.0, "percent_covered_display": "80", "missing_lines": 18, "excluded_lines": 0}, "missing_lines": [26, 32, 33, 34, 35, 36, 37, 47, 64, 66, 84, 85, 86, 87, 96, 97, 143, 144], "excluded_lines": [], "functions": {"_load_config": {"executed_lines": [24, 25, 27], "summary": {"covered_lines": 3, "num_statements": 4, "percent_covered": 75.0, "percent_covered_display": "75", "missing_lines": 1, "excluded_lines": 0}, "missing_lines": [26], "excluded_lines": []}, "_lifespan": {"executed_lines": [], "summary": {"covered_lines": 0, "num_statements": 6, "percent_covered": 0.0, "percent_covered_display": "0", "missing_lines": 6, "excluded_lines": 0}, "missing_lines": [32, 33, 34, 35, 36, 37], "excluded_lines": []}, "create_app": {"executed_lines": [42, 44, 45, 46, 49, 51, 57, 58, 59, 63, 73, 74, 75, 77, 79, 80, 109, 110, 148, 152, 153, 157, 158, 159, 160], "summary": {"covered_lines": 25, "num_statements": 28, "percent_covered": 89.28571428571429, "percent_covered_display": "89", "missing_lines": 3, "excluded_lines": 0}, "missing_lines": [47, 64, 66], "excluded_lines": []}, "create_app.health": {"executed_lines": [81, 82, 83, 98], "summary": {"covered_lines": 4, "num_statements": 10, "percent_covered": 40.0, "percent_covered_display": "40", "missing_lines": 6, "excluded_lines": 0}, "missing_lines": [84, 85, 86, 87, 96, 97], "excluded_lines": []}, "create_app.metrics": {"executed_lines": [113, 114, 122, 123, 125, 127, 128, 129, 130, 131, 132, 133, 134, 135, 136, 137, 138, 139, 145, 146], "summary": {"covered_lines": 20, "num_statements": 22, "percent_covered": 90.9090909090909, "percent_covered_display": "91", "missing_lines": 2, "excluded_lines": 0}, "missing_lines": [143, 144], "excluded_lines": []}, "": {"executed_lines": [1, 3, 5, 6, 7, 8, 10, 12, 13, 14, 15, 16, 17, 18, 19, 20, 23, 30, 31, 40, 163], "summary": {"covered_lines": 20, "num_statements": 20, "percent_covered": 100.0, "percent_covered_display": "100", "missing_lines": 0, "excluded_lines": 0}, "missing_lines": [], "excluded_lines": []}}, "classes": {"": {"executed_lines": [1, 3, 5, 6, 7, 8, 10, 12, 13, 14, 15, 16, 17, 18, 19, 20, 23, 24, 25, 27, 30, 31, 40, 42, 44, 45, 46, 49, 51, 57, 58, 59, 63, 73, 74, 75, 77, 79, 80, 81, 82, 83, 98, 109, 110, 113, 114, 122, 123, 125, 127, 128, 129, 130, 131, 132, 133, 134, 135, 136, 137, 138, 139, 145, 146, 148, 152, 153, 157, 158, 159, 160, 163], "summary": {"covered_lines": 72, "num_statements": 90, "percent_covered": 80.0, "percent_covered_display": "80", "missing_lines": 18, "excluded_lines": 0}, "missing_lines": [26, 32, 33, 34, 35, 36, 37, 47, 64, 66, 84, 85, 86, 87, 96, 97, 143, 144], "excluded_lines": []}}}, "metis/api/auth.py": {"executed_lines": [1, 3, 5, 6, 7, 9, 10, 12, 15, 16, 17, 18, 19, 20, 23, 24, 27, 28, 29, 32, 36, 37, 39, 40, 42, 43, 48, 49, 59, 62], "summary": {"covered_lines": 29, "num_statements": 33, "percent_covered": 87.87878787878788, "percent_covered_display": "88", "missing_lines": 4, "excluded_lines": 0}, "missing_lines": [50, 51, 57, 60], "excluded_lines": [], "functions": {"_resolve_env": {"executed_lines": [16, 17, 18, 19, 20], "summary": {"covered_lines": 5, "num_statements": 5, "percent_covered": 100.0, "percent_covered_display": "100", "missing_lines": 0, "excluded_lines": 0}, "missing_lines": [], "excluded_lines": []}, "get_api_key_from_env": {"executed_lines": [24], "summary": {"covered_lines": 1, "num_statements": 1, "percent_covered": 100.0, "percent_covered_display": "100", "missing_lines": 0, "excluded_lines": 0}, "missing_lines": [], "excluded_lines": []}, "is_production_mode": {"executed_lines": [28, 29], "summary": {"covered_lines": 2, "num_statements": 2, "percent_covered": 100.0, "percent_covered_display": "100", "missing_lines": 0, "excluded_lines": 0}, "missing_lines": [], "excluded_lines": []}, "verify_api_key": {"executed_lines": [36, 37, 39, 40, 42, 43, 48, 49, 59, 62], "summary": {"covered_lines": 10, "num_statements": 14, "percent_covered": 71.42857142857143, "percent_covered_display": "71", "missing_lines": 4, "excluded_lines": 0}, "missing_lines": [50, 51, 57, 60], "excluded_lines": []}, "": {"executed_lines": [1, 3, 5, 6, 7, 9, 10, 12, 15, 23, 27, 32], "summary": {"covered_lines": 11, "num_statements": 11, "percent_covered": 100.0, "percent_covered_display": "100", "missing_lines": 0, "excluded_lines": 0}, "missing_lines": [], "excluded_lines": []}}, "classes": {"": {"executed_lines": [1, 3, 5, 6, 7, 9, 10, 12, 15, 16, 17, 18, 19, 20, 23, 24, 27, 28, 29, 32, 36, 37, 39, 40, 42, 43, 48, 49, 59, 62], "summary": {"covered_lines": 29, "num_statements": 33, "percent_covered": 87.87878787878788, "percent_covered_display": "88", "missing_lines": 4, "excluded_lines": 0}, "missing_lines": [50, 51, 57, 60], "excluded_lines": []}}}, "metis/api/bridge.py": {"executed_lines": [1, 3, 5, 6, 8, 9, 10, 12, 23, 32, 34, 35, 36, 37, 40, 46, 48, 49, 50, 51, 52, 53, 54, 56, 57, 58, 59, 60, 61, 64, 66, 67, 68, 69, 70, 71, 75, 76, 78, 79, 82, 83, 84, 85, 86, 89, 90, 92, 93, 95, 103, 104, 105, 106, 109, 114, 115, 120, 131, 134, 135], "summary": {"covered_lines": 59, "num_statements": 60, "percent_covered": 98.33333333333333, "percent_covered_display": "98", "missing_lines": 1, "excluded_lines": 0}, "missing_lines": [55], "excluded_lines": [], "functions": {"model_to_route": {"executed_lines": [34, 35, 36, 37], "summary": {"covered_lines": 4, "num_statements": 4, "percent_covered": 100.0, "percent_covered_display": "100", "missing_lines": 0, "excluded_lines": 0}, "missing_lines": [], "excluded_lines": []}, "extract_images": {"executed_lines": [46, 48, 49, 50, 51, 52, 53, 54, 56, 57, 58, 59, 60, 61], "summary": {"covered_lines": 14, "num_statements": 15, "percent_covered": 93.33333333333333, "percent_covered_display": "93", "missing_lines": 1, "excluded_lines": 0}, "missing_lines": [55], "excluded_lines": []}, "messages_to_query": {"executed_lines": [66, 67, 68, 69, 70, 71, 75, 76, 78, 79], "summary": {"covered_lines": 10, "num_statements": 10, "percent_covered": 100.0, "percent_covered_display": "100", "missing_lines": 0, "excluded_lines": 0}, "missing_lines": [], "excluded_lines": []}, "OpenAIMetisBridge.__init__": {"executed_lines": [93], "summary": {"covered_lines": 1, "num_statements": 1, "percent_covered": 100.0, "percent_covered_display": "100", "missing_lines": 0, "excluded_lines": 0}, "missing_lines": [], "excluded_lines": []}, "OpenAIMetisBridge.process": {"executed_lines": [103, 104, 105, 106, 109, 114, 115, 120], "summary": {"covered_lines": 8, "num_statements": 8, "percent_covered": 100.0, "percent_covered_display": "100", "missing_lines": 0, "excluded_lines": 0}, "missing_lines": [], "excluded_lines": []}, "OpenAIMetisBridge.stream_tokens": {"executed_lines": [134, 135], "summary": {"covered_lines": 2, "num_statements": 2, "percent_covered": 100.0, "percent_covered_display": "100", "missing_lines": 0, "excluded_lines": 0}, "missing_lines": [], "excluded_lines": []}, "": {"executed_lines": [1, 3, 5, 6, 8, 9, 10, 12, 23, 32, 40, 64, 82, 83, 84, 85, 86, 89, 90, 92, 95, 131], "summary": {"covered_lines": 20, "num_statements": 20, "percent_covered": 100.0, "percent_covered_display": "100", "missing_lines": 0, "excluded_lines": 0}, "missing_lines": [], "excluded_lines": []}}, "classes": {"ChatProcessResult": {"executed_lines": [], "summary": {"covered_lines": 0, "num_statements": 0, "percent_covered": 100.0, "percent_covered_display": "100", "missing_lines": 0, "excluded_lines": 0}, "missing_lines": [], "excluded_lines": []}, "OpenAIMetisBridge": {"executed_lines": [93, 103, 104, 105, 106, 109, 114, 115, 120, 134, 135], "summary": {"covered_lines": 11, "num_statements": 11, "percent_covered": 100.0, "percent_covered_display": "100", "missing_lines": 0, "excluded_lines": 0}, "missing_lines": [], "excluded_lines": []}, "": {"executed_lines": [1, 3, 5, 6, 8, 9, 10, 12, 23, 32, 34, 35, 36, 37, 40, 46, 48, 49, 50, 51, 52, 53, 54, 56, 57, 58, 59, 60, 61, 64, 66, 67, 68, 69, 70, 71, 75, 76, 78, 79, 82, 83, 84, 85, 86, 89, 90, 92, 95, 131], "summary": {"covered_lines": 48, "num_statements": 49, "percent_covered": 97.95918367346938, "percent_covered_display": "98", "missing_lines": 1, "excluded_lines": 0}, "missing_lines": [55], "excluded_lines": []}}}, "metis/api/ecosystem.py": {"executed_lines": [1, 23, 25, 26, 27, 28, 30, 31, 32, 34, 35, 36, 37, 39, 41, 46, 50, 53, 56, 63, 64, 66, 67, 68, 69, 72, 73, 75, 76, 77, 82, 83, 85, 86, 87, 88, 91, 93, 94, 95, 96, 98, 99, 100, 101, 102, 104, 107, 109, 111, 112, 113, 114, 115, 116, 117, 118, 119, 124, 125, 126, 127, 128, 129, 130, 133, 134, 135, 138, 139, 140, 141, 142, 143, 144, 158, 171, 172, 173, 174, 177, 178, 179, 180, 183, 184, 185, 186, 189, 191, 199, 201, 202, 215, 218, 219, 225, 226, 232, 234, 238, 241, 242, 257, 258, 259, 260, 261, 264, 265, 266, 267, 268, 269, 271, 272, 274, 277, 278, 282, 284, 290, 291, 292, 293, 297, 298, 299, 306, 317, 318, 329, 330, 331, 332, 336], "summary": {"covered_lines": 130, "num_statements": 145, "percent_covered": 89.65517241379311, "percent_covered_display": "90", "missing_lines": 15, "excluded_lines": 8}, "missing_lines": [65, 103, 110, 120, 121, 175, 190, 192, 193, 262, 294, 295, 296, 300, 301], "excluded_lines": [199, 201, 202, 279, 280, 302, 303, 304], "functions": {"_rate_limit": {"executed_lines": [63, 64, 66, 67, 68, 69], "summary": {"covered_lines": 6, "num_statements": 7, "percent_covered": 85.71428571428571, "percent_covered_display": "86", "missing_lines": 1, "excluded_lines": 0}, "missing_lines": [65], "excluded_lines": []}, "_extract_images": {"executed_lines": [93, 94, 95, 96, 98, 99, 100, 101, 102, 104], "summary": {"covered_lines": 10, "num_statements": 11, "percent_covered": 90.9090909090909, "percent_covered_display": "91", "missing_lines": 1, "excluded_lines": 0}, "missing_lines": [103], "excluded_lines": []}, "_coerce_query": {"executed_lines": [109, 111, 112, 113, 114, 115, 116, 117, 118, 119], "summary": {"covered_lines": 10, "num_statements": 13, "percent_covered": 76.92307692307692, "percent_covered_display": "77", "missing_lines": 3, "excluded_lines": 0}, "missing_lines": [110, 120, 121], "excluded_lines": []}, "_parse_route": {"executed_lines": [125, 126, 127, 128, 129, 130], "summary": {"covered_lines": 6, "num_statements": 6, "percent_covered": 100.0, "percent_covered_display": "100", "missing_lines": 0, "excluded_lines": 0}, "missing_lines": [], "excluded_lines": []}, "_config": {"executed_lines": [134, 135], "summary": {"covered_lines": 2, "num_statements": 2, "percent_covered": 100.0, "percent_covered_display": "100", "missing_lines": 0, "excluded_lines": 0}, "missing_lines": [], "excluded_lines": []}, "_envelope": {"executed_lines": [139, 140, 141, 142, 143, 144], "summary": {"covered_lines": 6, "num_statements": 6, "percent_covered": 100.0, "percent_covered_display": "100", "missing_lines": 0, "excluded_lines": 0}, "missing_lines": [], "excluded_lines": []}, "_run_envelope": {"executed_lines": [171, 172, 173, 174, 177, 178, 179, 180, 183, 184, 185, 186, 189, 191, 199, 201, 202, 215], "summary": {"covered_lines": 15, "num_statements": 19, "percent_covered": 78.94736842105263, "percent_covered_display": "79", "missing_lines": 4, "excluded_lines": 3}, "missing_lines": [175, 190, 192, 193], "excluded_lines": [199, 201, 202]}, "verify_endpoint": {"executed_lines": [225, 226], "summary": {"covered_lines": 2, "num_statements": 2, "percent_covered": 100.0, "percent_covered_display": "100", "missing_lines": 0, "excluded_lines": 0}, "missing_lines": [], "excluded_lines": []}, "_sse": {"executed_lines": [234], "summary": {"covered_lines": 1, "num_statements": 1, "percent_covered": 100.0, "percent_covered_display": "100", "missing_lines": 0, "excluded_lines": 0}, "missing_lines": [], "excluded_lines": []}, "verify_stream_endpoint": {"executed_lines": [257, 258, 259, 260, 261, 264, 265, 266, 267, 268, 269, 271, 306], "summary": {"covered_lines": 13, "num_statements": 14, "percent_covered": 92.85714285714286, "percent_covered_display": "93", "missing_lines": 1, "excluded_lines": 0}, "missing_lines": [262], "excluded_lines": []}, "verify_stream_endpoint.gen": {"executed_lines": [272, 274, 282, 284, 290, 291, 292, 293, 297, 298, 299], "summary": {"covered_lines": 11, "num_statements": 16, "percent_covered": 68.75, "percent_covered_display": "69", "missing_lines": 5, "excluded_lines": 3}, "missing_lines": [294, 295, 296, 300, 301], "excluded_lines": [302, 303, 304]}, "verify_stream_endpoint.gen.sink": {"executed_lines": [277, 278], "summary": {"covered_lines": 2, "num_statements": 2, "percent_covered": 100.0, "percent_covered_display": "100", "missing_lines": 0, "excluded_lines": 2}, "missing_lines": [], "excluded_lines": [279, 280]}, "aimarket_invoke": {"executed_lines": [329, 330, 331, 332, 336], "summary": {"covered_lines": 5, "num_statements": 5, "percent_covered": 100.0, "percent_covered_display": "100", "missing_lines": 0, "excluded_lines": 0}, "missing_lines": [], "excluded_lines": []}, "": {"executed_lines": [1, 23, 25, 26, 27, 28, 30, 31, 32, 34, 35, 36, 37, 39, 41, 46, 50, 53, 56, 72, 73, 75, 76, 77, 82, 83, 85, 86, 87, 88, 91, 107, 124, 133, 138, 158, 218, 219, 232, 238, 241, 242, 317, 318], "summary": {"covered_lines": 41, "num_statements": 41, "percent_covered": 100.0, "percent_covered_display": "100", "missing_lines": 0, "excluded_lines": 0}, "missing_lines": [], "excluded_lines": []}}, "classes": {"VerifyRequest": {"executed_lines": [], "summary": {"covered_lines": 0, "num_statements": 0, "percent_covered": 100.0, "percent_covered_display": "100", "missing_lines": 0, "excluded_lines": 0}, "missing_lines": [], "excluded_lines": []}, "InvokeRequest": {"executed_lines": [], "summary": {"covered_lines": 0, "num_statements": 0, "percent_covered": 100.0, "percent_covered_display": "100", "missing_lines": 0, "excluded_lines": 0}, "missing_lines": [], "excluded_lines": []}, "": {"executed_lines": [1, 23, 25, 26, 27, 28, 30, 31, 32, 34, 35, 36, 37, 39, 41, 46, 50, 53, 56, 63, 64, 66, 67, 68, 69, 72, 73, 75, 76, 77, 82, 83, 85, 86, 87, 88, 91, 93, 94, 95, 96, 98, 99, 100, 101, 102, 104, 107, 109, 111, 112, 113, 114, 115, 116, 117, 118, 119, 124, 125, 126, 127, 128, 129, 130, 133, 134, 135, 138, 139, 140, 141, 142, 143, 144, 158, 171, 172, 173, 174, 177, 178, 179, 180, 183, 184, 185, 186, 189, 191, 199, 201, 202, 215, 218, 219, 225, 226, 232, 234, 238, 241, 242, 257, 258, 259, 260, 261, 264, 265, 266, 267, 268, 269, 271, 272, 274, 277, 278, 282, 284, 290, 291, 292, 293, 297, 298, 299, 306, 317, 318, 329, 330, 331, 332, 336], "summary": {"covered_lines": 130, "num_statements": 145, "percent_covered": 89.65517241379311, "percent_covered_display": "90", "missing_lines": 15, "excluded_lines": 8}, "missing_lines": [65, 103, 110, 120, 121, 175, 190, 192, 193, 262, 294, 295, 296, 300, 301], "excluded_lines": [199, 201, 202, 279, 280, 302, 303, 304]}}}, "metis/api/observability_routes.py": {"executed_lines": [1, 3, 5, 6, 8, 9, 11, 12, 15, 16, 17, 18, 21, 22, 23, 26, 31, 33, 34, 38, 39, 41, 42, 44, 45, 49, 50, 51, 52, 53, 55], "summary": {"covered_lines": 30, "num_statements": 31, "percent_covered": 96.7741935483871, "percent_covered_display": "97", "missing_lines": 1, "excluded_lines": 0}, "missing_lines": [40], "excluded_lines": [], "functions": {"build_observability_router": {"executed_lines": [31, 33, 34, 44, 45, 55], "summary": {"covered_lines": 6, "num_statements": 6, "percent_covered": 100.0, "percent_covered_display": "100", "missing_lines": 0, "excluded_lines": 0}, "missing_lines": [], "excluded_lines": []}, "build_observability_router.submit_feedback": {"executed_lines": [38, 39, 41, 42], "summary": {"covered_lines": 4, "num_statements": 5, "percent_covered": 80.0, "percent_covered_display": "80", "missing_lines": 1, "excluded_lines": 0}, "missing_lines": [40], "excluded_lines": []}, "build_observability_router.get_trace": {"executed_lines": [49, 50, 51, 52, 53], "summary": {"covered_lines": 5, "num_statements": 5, "percent_covered": 100.0, "percent_covered_display": "100", "missing_lines": 0, "excluded_lines": 0}, "missing_lines": [], "excluded_lines": []}, "": {"executed_lines": [1, 3, 5, 6, 8, 9, 11, 12, 15, 16, 17, 18, 21, 22, 23, 26], "summary": {"covered_lines": 15, "num_statements": 15, "percent_covered": 100.0, "percent_covered_display": "100", "missing_lines": 0, "excluded_lines": 0}, "missing_lines": [], "excluded_lines": []}}, "classes": {"FeedbackRequest": {"executed_lines": [], "summary": {"covered_lines": 0, "num_statements": 0, "percent_covered": 100.0, "percent_covered_display": "100", "missing_lines": 0, "excluded_lines": 0}, "missing_lines": [], "excluded_lines": []}, "FeedbackResponse": {"executed_lines": [], "summary": {"covered_lines": 0, "num_statements": 0, "percent_covered": 100.0, "percent_covered_display": "100", "missing_lines": 0, "excluded_lines": 0}, "missing_lines": [], "excluded_lines": []}, "": {"executed_lines": [1, 3, 5, 6, 8, 9, 11, 12, 15, 16, 17, 18, 21, 22, 23, 26, 31, 33, 34, 38, 39, 41, 42, 44, 45, 49, 50, 51, 52, 53, 55], "summary": {"covered_lines": 30, "num_statements": 31, "percent_covered": 96.7741935483871, "percent_covered_display": "97", "missing_lines": 1, "excluded_lines": 0}, "missing_lines": [40], "excluded_lines": []}}}, "metis/api/openai_compat.py": {"executed_lines": [1, 3, 5, 6, 7, 8, 9, 11, 12, 14, 15, 16, 23, 25, 28, 29, 30, 32, 35, 36, 39, 40, 41, 45, 50, 63, 69, 74, 75, 77, 78, 85, 87, 94, 95, 98, 99, 102, 103, 108, 109, 114, 116, 117, 119, 120, 122, 123, 133, 138], "summary": {"covered_lines": 49, "num_statements": 51, "percent_covered": 96.07843137254902, "percent_covered_display": "96", "missing_lines": 2, "excluded_lines": 0}, "missing_lines": [31, 42], "excluded_lines": [], "functions": {"_get_bridge": {"executed_lines": [29, 30, 32], "summary": {"covered_lines": 3, "num_statements": 4, "percent_covered": 75.0, "percent_covered_display": "75", "missing_lines": 1, "excluded_lines": 0}, "missing_lines": [31], "excluded_lines": []}, "_max_body_bytes": {"executed_lines": [36], "summary": {"covered_lines": 1, "num_statements": 1, "percent_covered": 100.0, "percent_covered_display": "100", "missing_lines": 0, "excluded_lines": 0}, "missing_lines": [], "excluded_lines": []}, "_check_request_size": {"executed_lines": [40, 41], "summary": {"covered_lines": 2, "num_statements": 3, "percent_covered": 66.66666666666667, "percent_covered_display": "67", "missing_lines": 1, "excluded_lines": 0}, "missing_lines": [42], "excluded_lines": []}, "_openai_response": {"executed_lines": [50], "summary": {"covered_lines": 1, "num_statements": 1, "percent_covered": 100.0, "percent_covered_display": "100", "missing_lines": 0, "excluded_lines": 0}, "missing_lines": [], "excluded_lines": []}, "_stream_sse": {"executed_lines": [69, 74, 75, 77, 78, 85, 87, 94, 95], "summary": {"covered_lines": 9, "num_statements": 9, "percent_covered": 100.0, "percent_covered_display": "100", "missing_lines": 0, "excluded_lines": 0}, "missing_lines": [], "excluded_lines": []}, "list_models": {"executed_lines": [102, 103], "summary": {"covered_lines": 2, "num_statements": 2, "percent_covered": 100.0, "percent_covered_display": "100", "missing_lines": 0, "excluded_lines": 0}, "missing_lines": [], "excluded_lines": []}, "chat_completions": {"executed_lines": [114, 116, 117, 119, 120, 122, 123, 133, 138], "summary": {"covered_lines": 9, "num_statements": 9, "percent_covered": 100.0, "percent_covered_display": "100", "missing_lines": 0, "excluded_lines": 0}, "missing_lines": [], "excluded_lines": []}, "": {"executed_lines": [1, 3, 5, 6, 7, 8, 9, 11, 12, 14, 15, 16, 23, 25, 28, 35, 39, 45, 63, 98, 99, 108, 109], "summary": {"covered_lines": 22, "num_statements": 22, "percent_covered": 100.0, "percent_covered_display": "100", "missing_lines": 0, "excluded_lines": 0}, "missing_lines": [], "excluded_lines": []}}, "classes": {"": {"executed_lines": [1, 3, 5, 6, 7, 8, 9, 11, 12, 14, 15, 16, 23, 25, 28, 29, 30, 32, 35, 36, 39, 40, 41, 45, 50, 63, 69, 74, 75, 77, 78, 85, 87, 94, 95, 98, 99, 102, 103, 108, 109, 114, 116, 117, 119, 120, 122, 123, 133, 138], "summary": {"covered_lines": 49, "num_statements": 51, "percent_covered": 96.07843137254902, "percent_covered_display": "96", "missing_lines": 2, "excluded_lines": 0}, "missing_lines": [31, 42], "excluded_lines": []}}}, "metis/api/rate_limit.py": {"executed_lines": [], "summary": {"covered_lines": 0, "num_statements": 35, "percent_covered": 0.0, "percent_covered_display": "0", "missing_lines": 35, "excluded_lines": 0}, "missing_lines": [3, 5, 6, 7, 8, 10, 13, 14, 17, 20, 21, 22, 24, 25, 26, 27, 28, 30, 31, 32, 33, 35, 36, 38, 40, 42, 43, 48, 50, 51, 54, 57, 59, 60, 61], "excluded_lines": [], "functions": {"_limit_per_minute": {"executed_lines": [], "summary": {"covered_lines": 0, "num_statements": 1, "percent_covered": 0.0, "percent_covered_display": "0", "missing_lines": 1, "excluded_lines": 0}, "missing_lines": [14], "excluded_lines": []}, "RateLimiter.__init__": {"executed_lines": [], "summary": {"covered_lines": 0, "num_statements": 2, "percent_covered": 0.0, "percent_covered_display": "0", "missing_lines": 2, "excluded_lines": 0}, "missing_lines": [21, 22], "excluded_lines": []}, "RateLimiter._key": {"executed_lines": [], "summary": {"covered_lines": 0, "num_statements": 4, "percent_covered": 0.0, "percent_covered_display": "0", "missing_lines": 4, "excluded_lines": 0}, "missing_lines": [25, 26, 27, 28], "excluded_lines": []}, "RateLimiter.check": {"executed_lines": [], "summary": {"covered_lines": 0, "num_statements": 10, "percent_covered": 0.0, "percent_covered_display": "0", "missing_lines": 10, "excluded_lines": 0}, "missing_lines": [31, 32, 33, 35, 36, 38, 40, 42, 43, 48], "excluded_lines": []}, "RateLimiter.reset": {"executed_lines": [], "summary": {"covered_lines": 0, "num_statements": 1, "percent_covered": 0.0, "percent_covered_display": "0", "missing_lines": 1, "excluded_lines": 0}, "missing_lines": [51], "excluded_lines": []}, "get_rate_limiter": {"executed_lines": [], "summary": {"covered_lines": 0, "num_statements": 3, "percent_covered": 0.0, "percent_covered_display": "0", "missing_lines": 3, "excluded_lines": 0}, "missing_lines": [59, 60, 61], "excluded_lines": []}, "": {"executed_lines": [], "summary": {"covered_lines": 0, "num_statements": 14, "percent_covered": 0.0, "percent_covered_display": "0", "missing_lines": 14, "excluded_lines": 0}, "missing_lines": [3, 5, 6, 7, 8, 10, 13, 17, 20, 24, 30, 50, 54, 57], "excluded_lines": []}}, "classes": {"RateLimiter": {"executed_lines": [], "summary": {"covered_lines": 0, "num_statements": 17, "percent_covered": 0.0, "percent_covered_display": "0", "missing_lines": 17, "excluded_lines": 0}, "missing_lines": [21, 22, 25, 26, 27, 28, 31, 32, 33, 35, 36, 38, 40, 42, 43, 48, 51], "excluded_lines": []}, "": {"executed_lines": [], "summary": {"covered_lines": 0, "num_statements": 18, "percent_covered": 0.0, "percent_covered_display": "0", "missing_lines": 18, "excluded_lines": 0}, "missing_lines": [3, 5, 6, 7, 8, 10, 13, 14, 17, 20, 24, 30, 50, 54, 57, 59, 60, 61], "excluded_lines": []}}}, "metis/api/schemas.py": {"executed_lines": [1, 3, 5, 7, 10, 11, 12, 15, 16, 17, 18, 19, 20, 23, 24, 25, 26, 29, 30, 31, 32, 33, 34, 35, 38, 39, 40, 41, 42, 45, 46, 47], "summary": {"covered_lines": 31, "num_statements": 31, "percent_covered": 100.0, "percent_covered_display": "100", "missing_lines": 0, "excluded_lines": 0}, "missing_lines": [], "excluded_lines": [], "functions": {"": {"executed_lines": [1, 3, 5, 7, 10, 11, 12, 15, 16, 17, 18, 19, 20, 23, 24, 25, 26, 29, 30, 31, 32, 33, 34, 35, 38, 39, 40, 41, 42, 45, 46, 47], "summary": {"covered_lines": 31, "num_statements": 31, "percent_covered": 100.0, "percent_covered_display": "100", "missing_lines": 0, "excluded_lines": 0}, "missing_lines": [], "excluded_lines": []}}, "classes": {"ChatMessage": {"executed_lines": [], "summary": {"covered_lines": 0, "num_statements": 0, "percent_covered": 100.0, "percent_covered_display": "100", "missing_lines": 0, "excluded_lines": 0}, "missing_lines": [], "excluded_lines": []}, "ChatCompletionRequest": {"executed_lines": [], "summary": {"covered_lines": 0, "num_statements": 0, "percent_covered": 100.0, "percent_covered_display": "100", "missing_lines": 0, "excluded_lines": 0}, "missing_lines": [], "excluded_lines": []}, "ChatCompletionChoice": {"executed_lines": [], "summary": {"covered_lines": 0, "num_statements": 0, "percent_covered": 100.0, "percent_covered_display": "100", "missing_lines": 0, "excluded_lines": 0}, "missing_lines": [], "excluded_lines": []}, "ChatCompletionResponse": {"executed_lines": [], "summary": {"covered_lines": 0, "num_statements": 0, "percent_covered": 100.0, "percent_covered_display": "100", "missing_lines": 0, "excluded_lines": 0}, "missing_lines": [], "excluded_lines": []}, "ModelInfo": {"executed_lines": [], "summary": {"covered_lines": 0, "num_statements": 0, "percent_covered": 100.0, "percent_covered_display": "100", "missing_lines": 0, "excluded_lines": 0}, "missing_lines": [], "excluded_lines": []}, "ModelsListResponse": {"executed_lines": [], "summary": {"covered_lines": 0, "num_statements": 0, "percent_covered": 100.0, "percent_covered_display": "100", "missing_lines": 0, "excluded_lines": 0}, "missing_lines": [], "excluded_lines": []}, "": {"executed_lines": [1, 3, 5, 7, 10, 11, 12, 15, 16, 17, 18, 19, 20, 23, 24, 25, 26, 29, 30, 31, 32, 33, 34, 35, 38, 39, 40, 41, 42, 45, 46, 47], "summary": {"covered_lines": 31, "num_statements": 31, "percent_covered": 100.0, "percent_covered_display": "100", "missing_lines": 0, "excluded_lines": 0}, "missing_lines": [], "excluded_lines": []}}}, "metis/config.py": {"executed_lines": [1, 3, 5, 7, 9, 10, 11, 13, 14, 15, 17, 18, 19, 20, 21, 24, 25, 26, 27, 28, 31, 32, 33, 34, 35, 36, 37, 38, 39, 40, 41, 44, 45, 47, 48, 49, 50, 51, 52, 53, 54, 55, 56, 59, 60, 61, 62, 63, 66, 67, 69, 70, 71, 84, 85, 86, 87, 88, 89, 90, 91, 92, 93, 96, 97, 99, 100, 102, 103, 104, 105, 107, 108, 109, 110, 111, 112, 113, 114, 115, 116, 117, 120, 121, 122, 124, 125, 126, 127, 133, 134, 135, 136, 138, 139, 140, 142, 143, 144, 145, 146, 148, 149, 150, 151, 153, 154, 155, 156, 157, 159, 160, 162, 163, 165, 166, 167, 168, 169, 171, 172, 173, 179, 180, 196, 203, 205, 206, 208, 209, 210, 219, 220, 221, 222, 224, 225], "summary": {"covered_lines": 134, "num_statements": 154, "percent_covered": 87.01298701298701, "percent_covered_display": "87", "missing_lines": 20, "excluded_lines": 0}, "missing_lines": [181, 182, 183, 184, 185, 186, 187, 188, 189, 190, 191, 192, 193, 194, 197, 198, 199, 200, 201, 212], "excluded_lines": [], "functions": {"RuntimeConfig.model_post_init": {"executed_lines": [166, 167, 168, 169], "summary": {"covered_lines": 4, "num_statements": 4, "percent_covered": 100.0, "percent_covered_display": "100", "missing_lines": 0, "excluded_lines": 0}, "missing_lines": [], "excluded_lines": []}, "RuntimeConfig.api_key_env_set": {"executed_lines": [172, 173], "summary": {"covered_lines": 2, "num_statements": 2, "percent_covered": 100.0, "percent_covered_display": "100", "missing_lines": 0, "excluded_lines": 0}, "missing_lines": [], "excluded_lines": []}, "RuntimeConfig.from_yaml": {"executed_lines": [], "summary": {"covered_lines": 0, "num_statements": 14, "percent_covered": 0.0, "percent_covered_display": "0", "missing_lines": 14, "excluded_lines": 0}, "missing_lines": [181, 182, 183, 184, 185, 186, 187, 188, 189, 190, 191, 192, 193, 194], "excluded_lines": []}, "RuntimeConfig.resolved_mcp_servers": {"executed_lines": [], "summary": {"covered_lines": 0, "num_statements": 5, "percent_covered": 0.0, "percent_covered_display": "0", "missing_lines": 5, "excluded_lines": 0}, "missing_lines": [197, 198, 199, 200, 201], "excluded_lines": []}, "RuntimeConfig.resolved_council_models": {"executed_lines": [205, 206, 208, 209, 210, 219, 220, 221, 222], "summary": {"covered_lines": 9, "num_statements": 10, "percent_covered": 90.0, "percent_covered_display": "90", "missing_lines": 1, "excluded_lines": 0}, "missing_lines": [212], "excluded_lines": []}, "RuntimeConfig.base_slot": {"executed_lines": [225], "summary": {"covered_lines": 1, "num_statements": 1, "percent_covered": 100.0, "percent_covered_display": "100", "missing_lines": 0, "excluded_lines": 0}, "missing_lines": [], "excluded_lines": []}, "": {"executed_lines": [1, 3, 5, 7, 9, 10, 11, 13, 14, 15, 17, 18, 19, 20, 21, 24, 25, 26, 27, 28, 31, 32, 33, 34, 35, 36, 37, 38, 39, 40, 41, 44, 45, 47, 48, 49, 50, 51, 52, 53, 54, 55, 56, 59, 60, 61, 62, 63, 66, 67, 69, 70, 71, 84, 85, 86, 87, 88, 89, 90, 91, 92, 93, 96, 97, 99, 100, 102, 103, 104, 105, 107, 108, 109, 110, 111, 112, 113, 114, 115, 116, 117, 120, 121, 122, 124, 125, 126, 127, 133, 134, 135, 136, 138, 139, 140, 142, 143, 144, 145, 146, 148, 149, 150, 151, 153, 154, 155, 156, 157, 159, 160, 162, 163, 165, 171, 179, 180, 196, 203, 224], "summary": {"covered_lines": 118, "num_statements": 118, "percent_covered": 100.0, "percent_covered_display": "100", "missing_lines": 0, "excluded_lines": 0}, "missing_lines": [], "excluded_lines": []}}, "classes": {"ProviderKind": {"executed_lines": [], "summary": {"covered_lines": 0, "num_statements": 0, "percent_covered": 100.0, "percent_covered_display": "100", "missing_lines": 0, "excluded_lines": 0}, "missing_lines": [], "excluded_lines": []}, "ModelSlot": {"executed_lines": [], "summary": {"covered_lines": 0, "num_statements": 0, "percent_covered": 100.0, "percent_covered_display": "100", "missing_lines": 0, "excluded_lines": 0}, "missing_lines": [], "excluded_lines": []}, "ModuleSlotConfig": {"executed_lines": [], "summary": {"covered_lines": 0, "num_statements": 0, "percent_covered": 100.0, "percent_covered_display": "100", "missing_lines": 0, "excluded_lines": 0}, "missing_lines": [], "excluded_lines": []}, "RouteMode": {"executed_lines": [], "summary": {"covered_lines": 0, "num_statements": 0, "percent_covered": 100.0, "percent_covered_display": "100", "missing_lines": 0, "excluded_lines": 0}, "missing_lines": [], "excluded_lines": []}, "DGPDConfig": {"executed_lines": [], "summary": {"covered_lines": 0, "num_statements": 0, "percent_covered": 100.0, "percent_covered_display": "100", "missing_lines": 0, "excluded_lines": 0}, "missing_lines": [], "excluded_lines": []}, "SecurityConfig": {"executed_lines": [], "summary": {"covered_lines": 0, "num_statements": 0, "percent_covered": 100.0, "percent_covered_display": "100", "missing_lines": 0, "excluded_lines": 0}, "missing_lines": [], "excluded_lines": []}, "RuntimeConfig": {"executed_lines": [166, 167, 168, 169, 172, 173, 205, 206, 208, 209, 210, 219, 220, 221, 222, 225], "summary": {"covered_lines": 16, "num_statements": 36, "percent_covered": 44.44444444444444, "percent_covered_display": "44", "missing_lines": 20, "excluded_lines": 0}, "missing_lines": [181, 182, 183, 184, 185, 186, 187, 188, 189, 190, 191, 192, 193, 194, 197, 198, 199, 200, 201, 212], "excluded_lines": []}, "": {"executed_lines": [1, 3, 5, 7, 9, 10, 11, 13, 14, 15, 17, 18, 19, 20, 21, 24, 25, 26, 27, 28, 31, 32, 33, 34, 35, 36, 37, 38, 39, 40, 41, 44, 45, 47, 48, 49, 50, 51, 52, 53, 54, 55, 56, 59, 60, 61, 62, 63, 66, 67, 69, 70, 71, 84, 85, 86, 87, 88, 89, 90, 91, 92, 93, 96, 97, 99, 100, 102, 103, 104, 105, 107, 108, 109, 110, 111, 112, 113, 114, 115, 116, 117, 120, 121, 122, 124, 125, 126, 127, 133, 134, 135, 136, 138, 139, 140, 142, 143, 144, 145, 146, 148, 149, 150, 151, 153, 154, 155, 156, 157, 159, 160, 162, 163, 165, 171, 179, 180, 196, 203, 224], "summary": {"covered_lines": 118, "num_statements": 118, "percent_covered": 100.0, "percent_covered_display": "100", "missing_lines": 0, "excluded_lines": 0}, "missing_lines": [], "excluded_lines": []}}}, "metis/coordinator_server.py": {"executed_lines": [1, 3, 5, 6, 7, 8, 9, 11, 12, 13, 14, 16, 17, 22, 23, 27, 29, 32, 33, 34, 37, 38, 39, 40, 45, 48, 49, 50, 51, 52, 53, 56, 63, 64, 65, 66, 68, 69, 71, 72, 73, 75, 76, 77, 79, 81, 82, 83, 85, 86, 87, 88, 90, 98, 99, 100, 101, 102, 104, 105, 106, 107, 115, 116, 117, 124, 125, 130, 131, 163, 166], "summary": {"covered_lines": 70, "num_statements": 100, "percent_covered": 70.0, "percent_covered_display": "70", "missing_lines": 30, "excluded_lines": 5}, "missing_lines": [41, 42, 70, 91, 103, 108, 109, 110, 111, 112, 113, 132, 133, 135, 136, 137, 138, 139, 140, 142, 143, 144, 145, 146, 147, 148, 150, 173, 174, 175], "excluded_lines": [18, 19, 20, 24, 25], "functions": {"_require_fastapi": {"executed_lines": [38, 39, 40, 45], "summary": {"covered_lines": 4, "num_statements": 6, "percent_covered": 66.66666666666667, "percent_covered_display": "67", "missing_lines": 2, "excluded_lines": 0}, "missing_lines": [41, 42], "excluded_lines": []}, "_resolve_api_key": {"executed_lines": [49, 50, 51, 52, 53], "summary": {"covered_lines": 5, "num_statements": 5, "percent_covered": 100.0, "percent_covered_display": "100", "missing_lines": 0, "excluded_lines": 0}, "missing_lines": [], "excluded_lines": []}, "create_coordinator_app": {"executed_lines": [63, 64, 65, 66, 68, 69, 71, 72, 73, 75, 76, 77, 79, 81, 82, 83, 85, 86, 87, 88, 90, 98, 115, 116, 124, 125, 163], "summary": {"covered_lines": 27, "num_statements": 29, "percent_covered": 93.10344827586206, "percent_covered_display": "93", "missing_lines": 2, "excluded_lines": 0}, "missing_lines": [70, 91], "excluded_lines": []}, "create_coordinator_app._check_auth": {"executed_lines": [99, 100, 101, 102, 104, 105, 106, 107], "summary": {"covered_lines": 8, "num_statements": 15, "percent_covered": 53.333333333333336, "percent_covered_display": "53", "missing_lines": 7, "excluded_lines": 0}, "missing_lines": [103, 108, 109, 110, 111, 112, 113], "excluded_lines": []}, "create_coordinator_app.health": {"executed_lines": [117], "summary": {"covered_lines": 1, "num_statements": 1, "percent_covered": 100.0, "percent_covered_display": "100", "missing_lines": 0, "excluded_lines": 0}, "missing_lines": [], "excluded_lines": []}, "create_coordinator_app.query_endpoint": {"executed_lines": [130, 131], "summary": {"covered_lines": 2, "num_statements": 18, "percent_covered": 11.11111111111111, "percent_covered_display": "11", "missing_lines": 16, "excluded_lines": 0}, "missing_lines": [132, 133, 135, 136, 137, 138, 139, 140, 142, 143, 144, 145, 146, 147, 148, 150], "excluded_lines": []}, "serve_coordinator": {"executed_lines": [], "summary": {"covered_lines": 0, "num_statements": 3, "percent_covered": 0.0, "percent_covered_display": "0", "missing_lines": 3, "excluded_lines": 0}, "missing_lines": [173, 174, 175], "excluded_lines": []}, "": {"executed_lines": [1, 3, 5, 6, 7, 8, 9, 11, 12, 13, 14, 16, 17, 22, 23, 27, 29, 32, 33, 34, 37, 48, 56, 166], "summary": {"covered_lines": 23, "num_statements": 23, "percent_covered": 100.0, "percent_covered_display": "100", "missing_lines": 0, "excluded_lines": 5}, "missing_lines": [], "excluded_lines": [18, 19, 20, 24, 25]}}, "classes": {"CoordinatorQueryRequest": {"executed_lines": [], "summary": {"covered_lines": 0, "num_statements": 0, "percent_covered": 100.0, "percent_covered_display": "100", "missing_lines": 0, "excluded_lines": 0}, "missing_lines": [], "excluded_lines": []}, "": {"executed_lines": [1, 3, 5, 6, 7, 8, 9, 11, 12, 13, 14, 16, 17, 22, 23, 27, 29, 32, 33, 34, 37, 38, 39, 40, 45, 48, 49, 50, 51, 52, 53, 56, 63, 64, 65, 66, 68, 69, 71, 72, 73, 75, 76, 77, 79, 81, 82, 83, 85, 86, 87, 88, 90, 98, 99, 100, 101, 102, 104, 105, 106, 107, 115, 116, 117, 124, 125, 130, 131, 163, 166], "summary": {"covered_lines": 70, "num_statements": 100, "percent_covered": 70.0, "percent_covered_display": "70", "missing_lines": 30, "excluded_lines": 5}, "missing_lines": [41, 42, 70, 91, 103, 108, 109, 110, 111, 112, 113, 132, 133, 135, 136, 137, 138, 139, 140, 142, 143, 144, 145, 146, 147, 148, 150, 173, 174, 175], "excluded_lines": [18, 19, 20, 24, 25]}}}, "metis/distributed/__init__.py": {"executed_lines": [1, 3, 4, 5, 6, 8], "summary": {"covered_lines": 5, "num_statements": 5, "percent_covered": 100.0, "percent_covered_display": "100", "missing_lines": 0, "excluded_lines": 0}, "missing_lines": [], "excluded_lines": [], "functions": {"": {"executed_lines": [1, 3, 4, 5, 6, 8], "summary": {"covered_lines": 5, "num_statements": 5, "percent_covered": 100.0, "percent_covered_display": "100", "missing_lines": 0, "excluded_lines": 0}, "missing_lines": [], "excluded_lines": []}}, "classes": {"": {"executed_lines": [1, 3, 4, 5, 6, 8], "summary": {"covered_lines": 5, "num_statements": 5, "percent_covered": 100.0, "percent_covered_display": "100", "missing_lines": 0, "excluded_lines": 0}, "missing_lines": [], "excluded_lines": []}}}, "metis/distributed/coordinator.py": {"executed_lines": [1, 3, 5, 6, 8, 9, 10, 11, 12, 15, 16, 23, 24, 25, 26, 28, 53, 78, 126, 133, 135, 136, 137, 142, 143, 145], "summary": {"covered_lines": 24, "num_statements": 72, "percent_covered": 33.333333333333336, "percent_covered_display": "33", "missing_lines": 48, "excluded_lines": 0}, "missing_lines": [29, 30, 31, 33, 34, 39, 40, 46, 47, 49, 50, 51, 62, 63, 64, 65, 66, 67, 69, 76, 86, 93, 94, 96, 97, 98, 99, 100, 101, 102, 104, 106, 110, 111, 112, 113, 115, 116, 121, 122, 124, 128, 129, 130, 131, 146, 147, 148], "excluded_lines": [], "functions": {"DistributedCoordinator.__init__": {"executed_lines": [24, 25, 26], "summary": {"covered_lines": 3, "num_statements": 3, "percent_covered": 100.0, "percent_covered_display": "100", "missing_lines": 0, "excluded_lines": 0}, "missing_lines": [], "excluded_lines": []}, "DistributedCoordinator.provider_for_slot": {"executed_lines": [], "summary": {"covered_lines": 0, "num_statements": 12, "percent_covered": 0.0, "percent_covered_display": "0", "missing_lines": 12, "excluded_lines": 0}, "missing_lines": [29, 30, 31, 33, 34, 39, 40, 46, 47, 49, 50, 51], "excluded_lines": []}, "DistributedCoordinator.dispatch_parallel": {"executed_lines": [], "summary": {"covered_lines": 0, "num_statements": 8, "percent_covered": 0.0, "percent_covered_display": "0", "missing_lines": 8, "excluded_lines": 0}, "missing_lines": [62, 63, 64, 65, 66, 67, 69, 76], "excluded_lines": []}, "DistributedCoordinator.run_moa_layer": {"executed_lines": [], "summary": {"covered_lines": 0, "num_statements": 21, "percent_covered": 0.0, "percent_covered_display": "0", "missing_lines": 21, "excluded_lines": 0}, "missing_lines": [86, 93, 94, 96, 97, 98, 99, 100, 101, 102, 104, 106, 110, 111, 112, 113, 115, 116, 121, 122, 124], "excluded_lines": []}, "DistributedCoordinator.ensure_cluster_ready": {"executed_lines": [], "summary": {"covered_lines": 0, "num_statements": 4, "percent_covered": 0.0, "percent_covered_display": "0", "missing_lines": 4, "excluded_lines": 0}, "missing_lines": [128, 129, 130, 131], "excluded_lines": []}, "DistributedCoordinator.node_assignments": {"executed_lines": [135, 136, 137, 142, 143], "summary": {"covered_lines": 5, "num_statements": 5, "percent_covered": 100.0, "percent_covered_display": "100", "missing_lines": 0, "excluded_lines": 0}, "missing_lines": [], "excluded_lines": []}, "DistributedCoordinator.aclose": {"executed_lines": [], "summary": {"covered_lines": 0, "num_statements": 3, "percent_covered": 0.0, "percent_covered_display": "0", "missing_lines": 3, "excluded_lines": 0}, "missing_lines": [146, 147, 148], "excluded_lines": []}, "": {"executed_lines": [1, 3, 5, 6, 8, 9, 10, 11, 12, 15, 16, 23, 28, 53, 78, 126, 133, 145], "summary": {"covered_lines": 16, "num_statements": 16, "percent_covered": 100.0, "percent_covered_display": "100", "missing_lines": 0, "excluded_lines": 0}, "missing_lines": [], "excluded_lines": []}}, "classes": {"DistributedCoordinator": {"executed_lines": [24, 25, 26, 135, 136, 137, 142, 143], "summary": {"covered_lines": 8, "num_statements": 56, "percent_covered": 14.285714285714286, "percent_covered_display": "14", "missing_lines": 48, "excluded_lines": 0}, "missing_lines": [29, 30, 31, 33, 34, 39, 40, 46, 47, 49, 50, 51, 62, 63, 64, 65, 66, 67, 69, 76, 86, 93, 94, 96, 97, 98, 99, 100, 101, 102, 104, 106, 110, 111, 112, 113, 115, 116, 121, 122, 124, 128, 129, 130, 131, 146, 147, 148], "excluded_lines": []}, "": {"executed_lines": [1, 3, 5, 6, 8, 9, 10, 11, 12, 15, 16, 23, 28, 53, 78, 126, 133, 145], "summary": {"covered_lines": 16, "num_statements": 16, "percent_covered": 100.0, "percent_covered_display": "100", "missing_lines": 0, "excluded_lines": 0}, "missing_lines": [], "excluded_lines": []}}}, "metis/distributed/node.py": {"executed_lines": [1, 3, 5, 6, 7, 10, 11, 12, 13, 14, 17, 18, 19, 21, 22, 23, 24, 25, 26, 28, 29, 31, 33, 34, 36, 39, 40, 41, 42, 43, 44, 45, 46, 48, 49, 50], "summary": {"covered_lines": 34, "num_statements": 36, "percent_covered": 94.44444444444444, "percent_covered_display": "94", "missing_lines": 2, "excluded_lines": 0}, "missing_lines": [30, 35], "excluded_lines": [], "functions": {"NodeDescriptor.supports_model": {"executed_lines": [29, 31], "summary": {"covered_lines": 2, "num_statements": 3, "percent_covered": 66.66666666666667, "percent_covered_display": "67", "missing_lines": 1, "excluded_lines": 0}, "missing_lines": [30], "excluded_lines": []}, "NodeDescriptor.supports_role": {"executed_lines": [34, 36], "summary": {"covered_lines": 2, "num_statements": 3, "percent_covered": 66.66666666666667, "percent_covered_display": "67", "missing_lines": 1, "excluded_lines": 0}, "missing_lines": [35], "excluded_lines": []}, "NodeHealth.is_healthy": {"executed_lines": [50], "summary": {"covered_lines": 1, "num_statements": 1, "percent_covered": 100.0, "percent_covered_display": "100", "missing_lines": 0, "excluded_lines": 0}, "missing_lines": [], "excluded_lines": []}, "": {"executed_lines": [1, 3, 5, 6, 7, 10, 11, 12, 13, 14, 17, 18, 19, 21, 22, 23, 24, 25, 26, 28, 33, 39, 40, 41, 42, 43, 44, 45, 46, 48, 49], "summary": {"covered_lines": 29, "num_statements": 29, "percent_covered": 100.0, "percent_covered_display": "100", "missing_lines": 0, "excluded_lines": 0}, "missing_lines": [], "excluded_lines": []}}, "classes": {"NodeStatus": {"executed_lines": [], "summary": {"covered_lines": 0, "num_statements": 0, "percent_covered": 100.0, "percent_covered_display": "100", "missing_lines": 0, "excluded_lines": 0}, "missing_lines": [], "excluded_lines": []}, "NodeDescriptor": {"executed_lines": [29, 31, 34, 36], "summary": {"covered_lines": 4, "num_statements": 6, "percent_covered": 66.66666666666667, "percent_covered_display": "67", "missing_lines": 2, "excluded_lines": 0}, "missing_lines": [30, 35], "excluded_lines": []}, "NodeHealth": {"executed_lines": [50], "summary": {"covered_lines": 1, "num_statements": 1, "percent_covered": 100.0, "percent_covered_display": "100", "missing_lines": 0, "excluded_lines": 0}, "missing_lines": [], "excluded_lines": []}, "": {"executed_lines": [1, 3, 5, 6, 7, 10, 11, 12, 13, 14, 17, 18, 19, 21, 22, 23, 24, 25, 26, 28, 33, 39, 40, 41, 42, 43, 44, 45, 46, 48, 49], "summary": {"covered_lines": 29, "num_statements": 29, "percent_covered": 100.0, "percent_covered_display": "100", "missing_lines": 0, "excluded_lines": 0}, "missing_lines": [], "excluded_lines": []}}}, "metis/distributed/protocol.py": {"executed_lines": [1, 3, 5, 7, 10, 11, 12, 15, 16, 18, 19, 20, 21, 22, 23, 26, 27, 28, 29, 30, 33, 34, 35, 36, 37, 38, 41, 42, 44, 45, 46, 47, 50, 51, 52], "summary": {"covered_lines": 32, "num_statements": 32, "percent_covered": 100.0, "percent_covered_display": "100", "missing_lines": 0, "excluded_lines": 0}, "missing_lines": [], "excluded_lines": [], "functions": {"": {"executed_lines": [1, 3, 5, 7, 10, 11, 12, 15, 16, 18, 19, 20, 21, 22, 23, 26, 27, 28, 29, 30, 33, 34, 35, 36, 37, 38, 41, 42, 44, 45, 46, 47, 50, 51, 52], "summary": {"covered_lines": 32, "num_statements": 32, "percent_covered": 100.0, "percent_covered_display": "100", "missing_lines": 0, "excluded_lines": 0}, "missing_lines": [], "excluded_lines": []}}, "classes": {"MessagePayload": {"executed_lines": [], "summary": {"covered_lines": 0, "num_statements": 0, "percent_covered": 100.0, "percent_covered_display": "100", "missing_lines": 0, "excluded_lines": 0}, "missing_lines": [], "excluded_lines": []}, "InvokeRequest": {"executed_lines": [], "summary": {"covered_lines": 0, "num_statements": 0, "percent_covered": 100.0, "percent_covered_display": "100", "missing_lines": 0, "excluded_lines": 0}, "missing_lines": [], "excluded_lines": []}, "InvokeResponse": {"executed_lines": [], "summary": {"covered_lines": 0, "num_statements": 0, "percent_covered": 100.0, "percent_covered_display": "100", "missing_lines": 0, "excluded_lines": 0}, "missing_lines": [], "excluded_lines": []}, "HealthResponse": {"executed_lines": [], "summary": {"covered_lines": 0, "num_statements": 0, "percent_covered": 100.0, "percent_covered_display": "100", "missing_lines": 0, "excluded_lines": 0}, "missing_lines": [], "excluded_lines": []}, "NodeRegistration": {"executed_lines": [], "summary": {"covered_lines": 0, "num_statements": 0, "percent_covered": 100.0, "percent_covered_display": "100", "missing_lines": 0, "excluded_lines": 0}, "missing_lines": [], "excluded_lines": []}, "ClusterStatusResponse": {"executed_lines": [], "summary": {"covered_lines": 0, "num_statements": 0, "percent_covered": 100.0, "percent_covered_display": "100", "missing_lines": 0, "excluded_lines": 0}, "missing_lines": [], "excluded_lines": []}, "": {"executed_lines": [1, 3, 5, 7, 10, 11, 12, 15, 16, 18, 19, 20, 21, 22, 23, 26, 27, 28, 29, 30, 33, 34, 35, 36, 37, 38, 41, 42, 44, 45, 46, 47, 50, 51, 52], "summary": {"covered_lines": 32, "num_statements": 32, "percent_covered": 100.0, "percent_covered_display": "100", "missing_lines": 0, "excluded_lines": 0}, "missing_lines": [], "excluded_lines": []}}}, "metis/distributed/registry.py": {"executed_lines": [1, 3, 5, 6, 7, 8, 10, 11, 12, 14, 15, 16, 24, 27, 28, 31, 32, 33, 34, 35, 36, 37, 40, 41, 42, 43, 44, 45, 47, 48, 49, 50, 51, 54, 55, 57, 64, 65, 66, 67, 68, 69, 70, 78, 80, 81, 82, 84, 87, 89, 90, 91, 92, 93, 95, 96, 97, 99, 100, 102, 103, 105, 113, 115, 116, 117, 118, 119, 120, 122, 123, 124, 125, 126, 127, 128, 129, 131, 136, 137, 138, 140, 141, 143, 144, 145, 146, 147, 149, 157, 161, 162, 164, 165, 166, 167, 168, 169, 170, 172, 175, 177, 179, 181, 183, 184, 189, 190, 192, 219], "summary": {"covered_lines": 108, "num_statements": 138, "percent_covered": 78.26086956521739, "percent_covered_display": "78", "missing_lines": 30, "excluded_lines": 0}, "missing_lines": [85, 132, 133, 134, 139, 171, 173, 176, 178, 193, 194, 195, 196, 197, 198, 202, 203, 204, 205, 206, 209, 210, 211, 212, 213, 214, 215, 216, 217, 220], "excluded_lines": [], "functions": {"ClusterConfig.from_yaml": {"executed_lines": [49, 50, 51], "summary": {"covered_lines": 3, "num_statements": 3, "percent_covered": 100.0, "percent_covered_display": "100", "missing_lines": 0, "excluded_lines": 0}, "missing_lines": [], "excluded_lines": []}, "NodeRegistry.__init__": {"executed_lines": [64, 65, 66, 67, 68, 69, 70, 78], "summary": {"covered_lines": 8, "num_statements": 8, "percent_covered": 100.0, "percent_covered_display": "100", "missing_lines": 0, "excluded_lines": 0}, "missing_lines": [], "excluded_lines": []}, "NodeRegistry.from_yaml": {"executed_lines": [82], "summary": {"covered_lines": 1, "num_statements": 1, "percent_covered": 100.0, "percent_covered_display": "100", "missing_lines": 0, "excluded_lines": 0}, "missing_lines": [], "excluded_lines": []}, "NodeRegistry.register": {"executed_lines": [], "summary": {"covered_lines": 0, "num_statements": 1, "percent_covered": 0.0, "percent_covered_display": "0", "missing_lines": 1, "excluded_lines": 0}, "missing_lines": [85], "excluded_lines": []}, "NodeRegistry.mark_unhealthy": {"executed_lines": [89, 90, 91, 92, 93], "summary": {"covered_lines": 5, "num_statements": 5, "percent_covered": 100.0, "percent_covered_display": "100", "missing_lines": 0, "excluded_lines": 0}, "missing_lines": [], "excluded_lines": []}, "NodeRegistry.get": {"executed_lines": [96, 97], "summary": {"covered_lines": 2, "num_statements": 2, "percent_covered": 100.0, "percent_covered_display": "100", "missing_lines": 0, "excluded_lines": 0}, "missing_lines": [], "excluded_lines": []}, "NodeRegistry.all_nodes": {"executed_lines": [100], "summary": {"covered_lines": 1, "num_statements": 1, "percent_covered": 100.0, "percent_covered_display": "100", "missing_lines": 0, "excluded_lines": 0}, "missing_lines": [], "excluded_lines": []}, "NodeRegistry.healthy_nodes": {"executed_lines": [103], "summary": {"covered_lines": 1, "num_statements": 1, "percent_covered": 100.0, "percent_covered_display": "100", "missing_lines": 0, "excluded_lines": 0}, "missing_lines": [], "excluded_lines": []}, "NodeRegistry.resolve_for_slot": {"executed_lines": [113, 115, 116, 117, 118, 119, 120, 122, 123, 124, 125, 126, 127, 128, 129, 131, 136, 137, 138, 140, 141, 143, 144, 145, 146, 147], "summary": {"covered_lines": 26, "num_statements": 30, "percent_covered": 86.66666666666667, "percent_covered_display": "87", "missing_lines": 4, "excluded_lines": 0}, "missing_lines": [132, 133, 134, 139], "excluded_lines": []}, "NodeRegistry.failover_candidates": {"executed_lines": [157, 161, 162, 164, 165, 166, 167, 168, 169, 170, 172, 175, 177, 179], "summary": {"covered_lines": 14, "num_statements": 18, "percent_covered": 77.77777777777777, "percent_covered_display": "78", "missing_lines": 4, "excluded_lines": 0}, "missing_lines": [171, 173, 176, 178], "excluded_lines": []}, "NodeRegistry.check_health": {"executed_lines": [183, 184, 189, 190], "summary": {"covered_lines": 4, "num_statements": 4, "percent_covered": 100.0, "percent_covered_display": "100", "missing_lines": 0, "excluded_lines": 0}, "missing_lines": [], "excluded_lines": []}, "NodeRegistry._probe": {"executed_lines": [], "summary": {"covered_lines": 0, "num_statements": 20, "percent_covered": 0.0, "percent_covered_display": "0", "missing_lines": 20, "excluded_lines": 0}, "missing_lines": [193, 194, 195, 196, 197, 198, 202, 203, 204, 205, 206, 209, 210, 211, 212, 213, 214, 215, 216, 217], "excluded_lines": []}, "NodeRegistry.status_report": {"executed_lines": [], "summary": {"covered_lines": 0, "num_statements": 1, "percent_covered": 0.0, "percent_covered_display": "0", "missing_lines": 1, "excluded_lines": 0}, "missing_lines": [220], "excluded_lines": []}, "": {"executed_lines": [1, 3, 5, 6, 7, 8, 10, 11, 12, 14, 15, 16, 24, 27, 28, 31, 32, 33, 34, 35, 36, 37, 40, 41, 42, 43, 44, 45, 47, 48, 54, 55, 57, 80, 81, 84, 87, 95, 99, 102, 105, 149, 181, 192, 219], "summary": {"covered_lines": 43, "num_statements": 43, "percent_covered": 100.0, "percent_covered_display": "100", "missing_lines": 0, "excluded_lines": 0}, "missing_lines": [], "excluded_lines": []}}, "classes": {"CoordinatorConfig": {"executed_lines": [], "summary": {"covered_lines": 0, "num_statements": 0, "percent_covered": 100.0, "percent_covered_display": "100", "missing_lines": 0, "excluded_lines": 0}, "missing_lines": [], "excluded_lines": []}, "NodeConfig": {"executed_lines": [], "summary": {"covered_lines": 0, "num_statements": 0, "percent_covered": 100.0, "percent_covered_display": "100", "missing_lines": 0, "excluded_lines": 0}, "missing_lines": [], "excluded_lines": []}, "ClusterConfig": {"executed_lines": [49, 50, 51], "summary": {"covered_lines": 3, "num_statements": 3, "percent_covered": 100.0, "percent_covered_display": "100", "missing_lines": 0, "excluded_lines": 0}, "missing_lines": [], "excluded_lines": []}, "NodeRegistry": {"executed_lines": [64, 65, 66, 67, 68, 69, 70, 78, 82, 89, 90, 91, 92, 93, 96, 97, 100, 103, 113, 115, 116, 117, 118, 119, 120, 122, 123, 124, 125, 126, 127, 128, 129, 131, 136, 137, 138, 140, 141, 143, 144, 145, 146, 147, 157, 161, 162, 164, 165, 166, 167, 168, 169, 170, 172, 175, 177, 179, 183, 184, 189, 190], "summary": {"covered_lines": 62, "num_statements": 92, "percent_covered": 67.3913043478261, "percent_covered_display": "67", "missing_lines": 30, "excluded_lines": 0}, "missing_lines": [85, 132, 133, 134, 139, 171, 173, 176, 178, 193, 194, 195, 196, 197, 198, 202, 203, 204, 205, 206, 209, 210, 211, 212, 213, 214, 215, 216, 217, 220], "excluded_lines": []}, "": {"executed_lines": [1, 3, 5, 6, 7, 8, 10, 11, 12, 14, 15, 16, 24, 27, 28, 31, 32, 33, 34, 35, 36, 37, 40, 41, 42, 43, 44, 45, 47, 48, 54, 55, 57, 80, 81, 84, 87, 95, 99, 102, 105, 149, 181, 192, 219], "summary": {"covered_lines": 43, "num_statements": 43, "percent_covered": 100.0, "percent_covered_display": "100", "missing_lines": 0, "excluded_lines": 0}, "missing_lines": [], "excluded_lines": []}}}, "metis/distributed/remote_provider.py": {"executed_lines": [1, 3, 5, 6, 7, 9, 11, 12, 13, 14, 15, 22, 25, 26, 28, 38, 39, 40, 41, 42, 43, 44, 49, 56, 57, 65, 66, 67, 68, 76, 77, 78, 79, 80, 81, 82, 84, 85, 98, 106, 107, 108, 109, 110, 111, 112, 113, 114, 123, 130, 131], "summary": {"covered_lines": 49, "num_statements": 51, "percent_covered": 96.07843137254902, "percent_covered_display": "96", "missing_lines": 2, "excluded_lines": 0}, "missing_lines": [87, 96], "excluded_lines": [], "functions": {"RemoteLLMProvider.__init__": {"executed_lines": [38, 39, 40, 41, 42, 43, 44], "summary": {"covered_lines": 7, "num_statements": 7, "percent_covered": 100.0, "percent_covered_display": "100", "missing_lines": 0, "excluded_lines": 0}, "missing_lines": [], "excluded_lines": []}, "RemoteLLMProvider.complete": {"executed_lines": [56, 57, 65, 66, 67, 68, 76, 77, 78, 79, 80, 81, 82, 84, 85], "summary": {"covered_lines": 15, "num_statements": 17, "percent_covered": 88.23529411764706, "percent_covered_display": "88", "missing_lines": 2, "excluded_lines": 0}, "missing_lines": [87, 96], "excluded_lines": []}, "RemoteLLMProvider._invoke": {"executed_lines": [106, 107, 108, 109, 110, 111, 112, 113, 114, 123], "summary": {"covered_lines": 10, "num_statements": 10, "percent_covered": 100.0, "percent_covered_display": "100", "missing_lines": 0, "excluded_lines": 0}, "missing_lines": [], "excluded_lines": []}, "RemoteLLMProvider.aclose": {"executed_lines": [131], "summary": {"covered_lines": 1, "num_statements": 1, "percent_covered": 100.0, "percent_covered_display": "100", "missing_lines": 0, "excluded_lines": 0}, "missing_lines": [], "excluded_lines": []}, "": {"executed_lines": [1, 3, 5, 6, 7, 9, 11, 12, 13, 14, 15, 22, 25, 26, 28, 49, 98, 130], "summary": {"covered_lines": 16, "num_statements": 16, "percent_covered": 100.0, "percent_covered_display": "100", "missing_lines": 0, "excluded_lines": 0}, "missing_lines": [], "excluded_lines": []}}, "classes": {"RemoteLLMProvider": {"executed_lines": [38, 39, 40, 41, 42, 43, 44, 56, 57, 65, 66, 67, 68, 76, 77, 78, 79, 80, 81, 82, 84, 85, 106, 107, 108, 109, 110, 111, 112, 113, 114, 123, 131], "summary": {"covered_lines": 33, "num_statements": 35, "percent_covered": 94.28571428571429, "percent_covered_display": "94", "missing_lines": 2, "excluded_lines": 0}, "missing_lines": [87, 96], "excluded_lines": []}, "": {"executed_lines": [1, 3, 5, 6, 7, 9, 11, 12, 13, 14, 15, 22, 25, 26, 28, 49, 98, 130], "summary": {"covered_lines": 16, "num_statements": 16, "percent_covered": 100.0, "percent_covered_display": "100", "missing_lines": 0, "excluded_lines": 0}, "missing_lines": [], "excluded_lines": []}}}, "metis/distributed/security.py": {"executed_lines": [1, 3, 5, 6, 7, 8, 9, 10, 11, 12, 14, 17, 18, 19, 20, 21, 22, 24, 25, 27, 30, 32, 33, 34, 36, 39, 46, 50, 51, 52, 53, 54, 55, 60, 61, 62, 65, 74, 75, 78, 79, 80, 85, 88, 90, 92, 95, 107, 115, 116, 117, 118, 119, 121], "summary": {"covered_lines": 53, "num_statements": 59, "percent_covered": 89.83050847457628, "percent_covered_display": "90", "missing_lines": 6, "excluded_lines": 0}, "missing_lines": [26, 35, 76, 77, 91, 120], "excluded_lines": [], "functions": {"SecuritySettings.hmac_secret": {"executed_lines": [25, 27], "summary": {"covered_lines": 2, "num_statements": 3, "percent_covered": 66.66666666666667, "percent_covered_display": "67", "missing_lines": 1, "excluded_lines": 0}, "missing_lines": [26], "excluded_lines": []}, "resolve_api_key": {"executed_lines": [32, 33, 34, 36], "summary": {"covered_lines": 4, "num_statements": 5, "percent_covered": 80.0, "percent_covered_display": "80", "missing_lines": 1, "excluded_lines": 0}, "missing_lines": [35], "excluded_lines": []}, "build_auth_headers": {"executed_lines": [46, 50, 51, 52, 53, 54, 55, 60, 61, 62], "summary": {"covered_lines": 10, "num_statements": 10, "percent_covered": 100.0, "percent_covered_display": "100", "missing_lines": 0, "excluded_lines": 0}, "missing_lines": [], "excluded_lines": []}, "verify_request_signature": {"executed_lines": [74, 75, 78, 79, 80, 85], "summary": {"covered_lines": 6, "num_statements": 8, "percent_covered": 75.0, "percent_covered_display": "75", "missing_lines": 2, "excluded_lines": 0}, "missing_lines": [76, 77], "excluded_lines": []}, "httpx_verify_setting": {"executed_lines": [90, 92], "summary": {"covered_lines": 2, "num_statements": 3, "percent_covered": 66.66666666666667, "percent_covered_display": "67", "missing_lines": 1, "excluded_lines": 0}, "missing_lines": [91], "excluded_lines": []}, "audit_cross_node_call": {"executed_lines": [107, 115, 116, 117, 118, 119, 121], "summary": {"covered_lines": 7, "num_statements": 8, "percent_covered": 87.5, "percent_covered_display": "88", "missing_lines": 1, "excluded_lines": 0}, "missing_lines": [120], "excluded_lines": []}, "": {"executed_lines": [1, 3, 5, 6, 7, 8, 9, 10, 11, 12, 14, 17, 18, 19, 20, 21, 22, 24, 30, 39, 65, 88, 95], "summary": {"covered_lines": 22, "num_statements": 22, "percent_covered": 100.0, "percent_covered_display": "100", "missing_lines": 0, "excluded_lines": 0}, "missing_lines": [], "excluded_lines": []}}, "classes": {"SecuritySettings": {"executed_lines": [25, 27], "summary": {"covered_lines": 2, "num_statements": 3, "percent_covered": 66.66666666666667, "percent_covered_display": "67", "missing_lines": 1, "excluded_lines": 0}, "missing_lines": [26], "excluded_lines": []}, "": {"executed_lines": [1, 3, 5, 6, 7, 8, 9, 10, 11, 12, 14, 17, 18, 19, 20, 21, 22, 24, 30, 32, 33, 34, 36, 39, 46, 50, 51, 52, 53, 54, 55, 60, 61, 62, 65, 74, 75, 78, 79, 80, 85, 88, 90, 92, 95, 107, 115, 116, 117, 118, 119, 121], "summary": {"covered_lines": 51, "num_statements": 56, "percent_covered": 91.07142857142857, "percent_covered_display": "91", "missing_lines": 5, "excluded_lines": 0}, "missing_lines": [35, 76, 77, 91, 120], "excluded_lines": []}}}, "metis/economy/__init__.py": {"executed_lines": [1, 3, 4, 5, 7, 22], "summary": {"covered_lines": 5, "num_statements": 15, "percent_covered": 33.333333333333336, "percent_covered_display": "33", "missing_lines": 10, "excluded_lines": 0}, "missing_lines": [23, 24, 25, 26, 27, 28, 29, 30, 31, 32], "excluded_lines": [], "functions": {"__getattr__": {"executed_lines": [], "summary": {"covered_lines": 0, "num_statements": 10, "percent_covered": 0.0, "percent_covered_display": "0", "missing_lines": 10, "excluded_lines": 0}, "missing_lines": [23, 24, 25, 26, 27, 28, 29, 30, 31, 32], "excluded_lines": []}, "": {"executed_lines": [1, 3, 4, 5, 7, 22], "summary": {"covered_lines": 5, "num_statements": 5, "percent_covered": 100.0, "percent_covered_display": "100", "missing_lines": 0, "excluded_lines": 0}, "missing_lines": [], "excluded_lines": []}}, "classes": {"": {"executed_lines": [1, 3, 4, 5, 7, 22], "summary": {"covered_lines": 5, "num_statements": 15, "percent_covered": 33.333333333333336, "percent_covered_display": "33", "missing_lines": 10, "excluded_lines": 0}, "missing_lines": [23, 24, 25, 26, 27, 28, 29, 30, 31, 32], "excluded_lines": []}}}, "metis/economy/bridge.py": {"executed_lines": [1, 3, 5, 6, 7, 9, 11, 12, 13, 15, 18, 19, 20, 21, 22, 23, 26, 27, 28, 29, 30, 32, 33, 34, 35, 37, 38, 39, 40, 43, 44, 45, 46, 47, 48, 49, 51, 52, 53, 54], "summary": {"covered_lines": 39, "num_statements": 46, "percent_covered": 84.78260869565217, "percent_covered_display": "85", "missing_lines": 7, "excluded_lines": 0}, "missing_lines": [36, 41, 55, 56, 57, 58, 59], "excluded_lines": [], "functions": {"BudgetExceededError.__init__": {"executed_lines": [20, 21, 22, 23], "summary": {"covered_lines": 4, "num_statements": 4, "percent_covered": 100.0, "percent_covered_display": "100", "missing_lines": 0, "excluded_lines": 0}, "missing_lines": [], "excluded_lines": []}, "EcosystemBridge.__init__": {"executed_lines": [28, 29, 30], "summary": {"covered_lines": 3, "num_statements": 3, "percent_covered": 100.0, "percent_covered_display": "100", "missing_lines": 0, "excluded_lines": 0}, "missing_lines": [], "excluded_lines": []}, "EcosystemBridge.check_budget_before_route": {"executed_lines": [33, 34, 35, 37, 38, 39, 40], "summary": {"covered_lines": 7, "num_statements": 9, "percent_covered": 77.77777777777777, "percent_covered_display": "78", "missing_lines": 2, "excluded_lines": 0}, "missing_lines": [36, 41], "excluded_lines": []}, "EcosystemBridge.finalize": {"executed_lines": [44, 45, 46, 47, 48, 49], "summary": {"covered_lines": 6, "num_statements": 6, "percent_covered": 100.0, "percent_covered_display": "100", "missing_lines": 0, "excluded_lines": 0}, "missing_lines": [], "excluded_lines": []}, "EcosystemBridge._export": {"executed_lines": [52, 53, 54], "summary": {"covered_lines": 3, "num_statements": 8, "percent_covered": 37.5, "percent_covered_display": "38", "missing_lines": 5, "excluded_lines": 0}, "missing_lines": [55, 56, 57, 58, 59], "excluded_lines": []}, "": {"executed_lines": [1, 3, 5, 6, 7, 9, 11, 12, 13, 15, 18, 19, 26, 27, 32, 43, 51], "summary": {"covered_lines": 16, "num_statements": 16, "percent_covered": 100.0, "percent_covered_display": "100", "missing_lines": 0, "excluded_lines": 0}, "missing_lines": [], "excluded_lines": []}}, "classes": {"BudgetExceededError": {"executed_lines": [20, 21, 22, 23], "summary": {"covered_lines": 4, "num_statements": 4, "percent_covered": 100.0, "percent_covered_display": "100", "missing_lines": 0, "excluded_lines": 0}, "missing_lines": [], "excluded_lines": []}, "EcosystemBridge": {"executed_lines": [28, 29, 30, 33, 34, 35, 37, 38, 39, 40, 44, 45, 46, 47, 48, 49, 52, 53, 54], "summary": {"covered_lines": 19, "num_statements": 26, "percent_covered": 73.07692307692308, "percent_covered_display": "73", "missing_lines": 7, "excluded_lines": 0}, "missing_lines": [36, 41, 55, 56, 57, 58, 59], "excluded_lines": []}, "": {"executed_lines": [1, 3, 5, 6, 7, 9, 11, 12, 13, 15, 18, 19, 26, 27, 32, 43, 51], "summary": {"covered_lines": 16, "num_statements": 16, "percent_covered": 100.0, "percent_covered_display": "100", "missing_lines": 0, "excluded_lines": 0}, "missing_lines": [], "excluded_lines": []}}}, "metis/economy/config.py": {"executed_lines": [1, 3, 5, 7, 10, 11, 12, 13, 16, 17, 18, 19, 20, 21, 22, 23, 24, 26, 27, 28, 29, 32], "summary": {"covered_lines": 21, "num_statements": 23, "percent_covered": 91.30434782608695, "percent_covered_display": "91", "missing_lines": 2, "excluded_lines": 0}, "missing_lines": [30, 31], "excluded_lines": [], "functions": {"EconomyConfig.pricing_for": {"executed_lines": [27, 28, 29, 32], "summary": {"covered_lines": 4, "num_statements": 6, "percent_covered": 66.66666666666667, "percent_covered_display": "67", "missing_lines": 2, "excluded_lines": 0}, "missing_lines": [30, 31], "excluded_lines": []}, "": {"executed_lines": [1, 3, 5, 7, 10, 11, 12, 13, 16, 17, 18, 19, 20, 21, 22, 23, 24, 26], "summary": {"covered_lines": 17, "num_statements": 17, "percent_covered": 100.0, "percent_covered_display": "100", "missing_lines": 0, "excluded_lines": 0}, "missing_lines": [], "excluded_lines": []}}, "classes": {"ModelPricing": {"executed_lines": [], "summary": {"covered_lines": 0, "num_statements": 0, "percent_covered": 100.0, "percent_covered_display": "100", "missing_lines": 0, "excluded_lines": 0}, "missing_lines": [], "excluded_lines": []}, "EconomyConfig": {"executed_lines": [27, 28, 29, 32], "summary": {"covered_lines": 4, "num_statements": 6, "percent_covered": 66.66666666666667, "percent_covered_display": "67", "missing_lines": 2, "excluded_lines": 0}, "missing_lines": [30, 31], "excluded_lines": []}, "": {"executed_lines": [1, 3, 5, 7, 10, 11, 12, 13, 16, 17, 18, 19, 20, 21, 22, 23, 24, 26], "summary": {"covered_lines": 17, "num_statements": 17, "percent_covered": 100.0, "percent_covered_display": "100", 
[...]
uted_lines": [82], "summary": {"covered_lines": 1, "num_statements": 1, "percent_covered": 100.0, "percent_covered_display": "100", "missing_lines": 0, "excluded_lines": 0}, "missing_lines": [], "excluded_lines": []}, "": {"executed_lines": [1, 3, 5, 6, 7, 9, 11, 21, 33, 66, 72, 81], "summary": {"covered_lines": 11, "num_statements": 11, "percent_covered": 100.0, "percent_covered_display": "100", "missing_lines": 0, "excluded_lines": 0}, "missing_lines": [], "excluded_lines": []}}, "classes": {"": {"executed_lines": [1, 3, 5, 6, 7, 9, 11, 21, 28, 29, 30, 33, 42, 43, 44, 45, 48, 52, 53, 54, 55, 56, 58, 59, 60, 61, 62, 66, 67, 68, 69, 72, 73, 74, 75, 76, 77, 81, 82], "summary": {"covered_lines": 38, "num_statements": 40, "percent_covered": 95.0, "percent_covered_display": "95", "missing_lines": 2, "excluded_lines": 0}, "missing_lines": [63, 78], "excluded_lines": []}}}, "metis/tools/__init__.py": {"executed_lines": [1], "summary": {"covered_lines": 0, "num_statements": 0, "percent_covered": 100.0, "percent_covered_display": "100", "missing_lines": 0, "excluded_lines": 0}, "missing_lines": [], "excluded_lines": [], "functions": {"": {"executed_lines": [], "summary": {"covered_lines": 0, "num_statements": 0, "percent_covered": 100.0, "percent_covered_display": "100", "missing_lines": 0, "excluded_lines": 0}, "missing_lines": [], "excluded_lines": []}}, "classes": {"": {"executed_lines": [], "summary": {"covered_lines": 0, "num_statements": 0, "percent_covered": 100.0, "percent_covered_display": "100", "missing_lines": 0, "excluded_lines": 0}, "missing_lines": [], "excluded_lines": []}}}, "metis/tools/aimarket.py": {"executed_lines": [1, 16, 18, 19, 21, 23, 24, 25, 28, 29, 30, 36, 46, 47, 48, 49, 50, 51, 53, 54, 55, 56, 57, 59, 60, 61, 62, 63, 65, 66, 67, 68, 69, 70, 71, 73, 74, 75, 76, 77, 78, 80, 86, 87, 88, 89, 92, 93, 94, 95, 96, 98, 99, 100, 101, 104, 105, 106], "summary": {"covered_lines": 57, "num_statements": 60, "percent_covered": 95.0, "percent_covered_display": "95", "missing_lines": 3, "excluded_lines": 0}, "missing_lines": [90, 102, 103], "excluded_lines": [], "functions": {"AIMarketInvokeTool.__init__": {"executed_lines": [46, 47, 48, 49, 50, 51], "summary": {"covered_lines": 6, "num_statements": 6, "percent_covered": 100.0, "percent_covered_display": "100", "missing_lines": 0, "excluded_lines": 0}, "missing_lines": [], "excluded_lines": []}, "AIMarketInvokeTool._parse": {"executed_lines": [54, 55, 56, 57], "summary": {"covered_lines": 4, "num_statements": 4, "percent_covered": 100.0, "percent_covered_display": "100", "missing_lines": 0, "excluded_lines": 0}, "missing_lines": [], "excluded_lines": []}, "AIMarketInvokeTool.run": {"executed_lines": [60, 61, 62, 63, 65, 66, 67, 68, 69, 70, 71, 73, 74, 75, 76, 77, 78, 80, 86, 87, 88, 89, 92, 93, 94, 95, 96, 98, 99, 100, 101, 104, 105, 106], "summary": {"covered_lines": 34, "num_statements": 37, "percent_covered": 91.89189189189189, "percent_covered_display": "92", "missing_lines": 3, "excluded_lines": 0}, "missing_lines": [90, 102, 103], "excluded_lines": []}, "": {"executed_lines": [1, 16, 18, 19, 21, 23, 24, 25, 28, 29, 30, 36, 53, 59], "summary": {"covered_lines": 13, "num_statements": 13, "percent_covered": 100.0, "percent_covered_display": "100", "missing_lines": 0, "excluded_lines": 0}, "missing_lines": [], "excluded_lines": []}}, "classes": {"AIMarketInvokeTool": {"executed_lines": [46, 47, 48, 49, 50, 51, 54, 55, 56, 57, 60, 61, 62, 63, 65, 66, 67, 68, 69, 70, 71, 73, 74, 75, 76, 77, 78, 80, 86, 87, 88, 89, 92, 93, 94, 95, 96, 98, 99, 100, 101, 104, 105, 106], "summary": {"covered_lines": 44, "num_statements": 47, "percent_covered": 93.61702127659575, "percent_covered_display": "94", "missing_lines": 3, "excluded_lines": 0}, "missing_lines": [90, 102, 103], "excluded_lines": []}, "": {"executed_lines": [1, 16, 18, 19, 21, 23, 24, 25, 28, 29, 30, 36, 53, 59], "summary": {"covered_lines": 13, "num_statements": 13, "percent_covered": 100.0, "percent_covered_display": "100", "missing_lines": 0, "excluded_lines": 0}, "missing_lines": [], "excluded_lines": []}}}, "metis/tools/registry.py": {"executed_lines": [1, 3, 5, 6, 7, 8, 9, 10, 11, 12, 14, 15, 16, 17, 18, 21, 22, 23, 24, 25, 26, 29, 30, 31, 33, 34, 38, 39, 40, 42, 43, 45, 46, 47, 51, 52, 60, 64, 65, 77, 78, 79, 81, 82, 84, 85, 86, 87, 92, 93, 98, 99, 100, 101, 106, 107, 108, 109, 110, 112, 113, 115, 116, 118, 119, 120, 122, 123, 124, 125, 129, 130, 132, 133, 134, 136, 137, 140, 151, 160, 161, 162, 163, 164, 166, 168, 173, 174, 178, 181, 185], "summary": {"covered_lines": 88, "num_statements": 104, "percent_covered": 84.61538461538461, "percent_covered_display": "85", "missing_lines": 16, "excluded_lines": 5}, "missing_lines": [48, 49, 71, 72, 73, 74, 102, 103, 121, 131, 165, 175, 176, 179, 182, 183], "excluded_lines": [33, 34, 35, 36, 37], "functions": {"Tool.run": {"executed_lines": [], "summary": {"covered_lines": 0, "num_statements": 0, "percent_covered": 100.0, "percent_covered_display": "100", "missing_lines": 0, "excluded_lines": 1}, "missing_lines": [], "excluded_lines": [35]}, "CodeInterpreterTool.__init__": {"executed_lines": [43], "summary": {"covered_lines": 1, "num_statements": 1, "percent_covered": 100.0, "percent_covered_display": "100", "missing_lines": 0, "excluded_lines": 0}, "missing_lines": [], "excluded_lines": []}, "CodeInterpreterTool.run": {"executed_lines": [46, 47, 51, 52, 60, 64, 65], "summary": {"covered_lines": 7, "num_statements": 13, "percent_covered": 53.84615384615385, "percent_covered_display": "54", "missing_lines": 6, "excluded_lines": 0}, "missing_lines": [48, 49, 71, 72, 73, 74], "excluded_lines": []}, "WebSearchTool.__init__": {"executed_lines": [82], "summary": {"covered_lines": 1, "num_statements": 1, "percent_covered": 100.0, "percent_covered_display": "100", "missing_lines": 0, "excluded_lines": 0}, "missing_lines": [], "excluded_lines": []}, "WebSearchTool.run": {"executed_lines": [85, 86, 87, 92, 93, 98, 99, 100, 101], "summary": {"covered_lines": 9, "num_statements": 11, "percent_covered": 81.81818181818181, "percent_covered_display": "82", "missing_lines": 2, "excluded_lines": 0}, "missing_lines": [102, 103], "excluded_lines": []}, "ToolRegistry.__init__": {"executed_lines": [108, 109, 110], "summary": {"covered_lines": 3, "num_statements": 3, "percent_covered": 100.0, "percent_covered_display": "100", "missing_lines": 0, "excluded_lines": 0}, "missing_lines": [], "excluded_lines": []}, "ToolRegistry.register": {"executed_lines": [113], "summary": {"covered_lines": 1, "num_statements": 1, "percent_covered": 100.0, "percent_covered_display": "100", "missing_lines": 0, "excluded_lines": 0}, "missing_lines": [], "excluded_lines": []}, "ToolRegistry.descriptions": {"executed_lines": [116], "summary": {"covered_lines": 1, "num_statements": 1, "percent_covered": 100.0, "percent_covered_display": "100", "missing_lines": 0, "excluded_lines": 0}, "missing_lines": [], "excluded_lines": []}, "ToolRegistry.execute": {"executed_lines": [119, 120, 122, 123, 124, 125, 129, 130, 132, 133, 134], "summary": {"covered_lines": 11, "num_statements": 13, "percent_covered": 84.61538461538461, "percent_covered_display": "85", "missing_lines": 2, "excluded_lines": 0}, "missing_lines": [121, 131], "excluded_lines": []}, "ToolRegistry.names": {"executed_lines": [137], "summary": {"covered_lines": 1, "num_statements": 1, "percent_covered": 100.0, "percent_covered_display": "100", "missing_lines": 0, "excluded_lines": 0}, "missing_lines": [], "excluded_lines": []}, "agentic_tool_step": {"executed_lines": [160, 161, 162, 163, 164, 166, 168, 173, 174, 178, 181, 185], "summary": {"covered_lines": 12, "num_statements": 18, "percent_covered": 66.66666666666667, "percent_covered_display": "67", "missing_lines": 6, "excluded_lines": 0}, "missing_lines": [165, 175, 176, 179, 182, 183], "excluded_lines": []}, "": {"executed_lines": [1, 3, 5, 6, 7, 8, 9, 10, 11, 12, 14, 15, 16, 17, 18, 21, 22, 23, 24, 25, 26, 29, 30, 31, 33, 34, 38, 39, 40, 42, 45, 77, 78, 79, 81, 84, 106, 107, 112, 115, 118, 136, 140, 151], "summary": {"covered_lines": 41, "num_statements": 41, "percent_covered": 100.0, "percent_covered_display": "100", "missing_lines": 0, "excluded_lines": 4}, "missing_lines": [], "excluded_lines": [33, 34, 36, 37]}}, "classes": {"ToolResult": {"executed_lines": [], "summary": {"covered_lines": 0, "num_statements": 0, "percent_covered": 100.0, "percent_covered_display": "100", "missing_lines": 0, "excluded_lines": 0}, "missing_lines": [], "excluded_lines": []}, "Tool": {"executed_lines": [], "summary": {"covered_lines": 0, "num_statements": 0, "percent_covered": 100.0, "percent_covered_display": "100", "missing_lines": 0, "excluded_lines": 1}, "missing_lines": [], "excluded_lines": [35]}, "CodeInterpreterTool": {"executed_lines": [43, 46, 47, 51, 52, 60, 64, 65], "summary": {"covered_lines": 8, "num_statements": 14, "percent_covered": 57.142857142857146, "percent_covered_display": "57", "missing_lines": 6, "excluded_lines": 0}, "missing_lines": [48, 49, 71, 72, 73, 74], "excluded_lines": []}, "WebSearchTool": {"executed_lines": [82, 85, 86, 87, 92, 93, 98, 99, 100, 101], "summary": {"covered_lines": 10, "num_statements": 12, "percent_covered": 83.33333333333333, "percent_covered_display": "83", "missing_lines": 2, "excluded_lines": 0}, "missing_lines": [102, 103], "excluded_lines": []}, "ToolRegistry": {"executed_lines": [108, 109, 110, 113, 116, 119, 120, 122, 123, 124, 125, 129, 130, 132, 133, 134, 137], "summary": {"covered_lines": 17, "num_statements": 19, "percent_covered": 89.47368421052632, "percent_covered_display": "89", "missing_lines": 2, "excluded_lines": 0}, "missing_lines": [121, 131], "excluded_lines": []}, "": {"executed_lines": [1, 3, 5, 6, 7, 8, 9, 10, 11, 12, 14, 15, 16, 17, 18, 21, 22, 23, 24, 25, 26, 29, 30, 31, 33, 34, 38, 39, 40, 42, 45, 77, 78, 79, 81, 84, 106, 107, 112, 115, 118, 136, 140, 151, 160, 161, 162, 163, 164, 166, 168, 173, 174, 178, 181, 185], "summary": {"covered_lines": 53, "num_statements": 59, "percent_covered": 89.83050847457628, "percent_covered_display": "90", "missing_lines": 6, "excluded_lines": 4}, "missing_lines": [165, 175, 176, 179, 182, 183], "excluded_lines": [33, 34, 36, 37]}}}, "metis/tools/sandbox.py": {"executed_lines": [1, 3, 5, 6, 7, 8, 9, 11, 45, 75, 76, 77, 79, 81, 84, 143, 150, 157, 165, 174, 176, 177, 178, 179, 180, 181, 184, 185, 186, 187, 189, 191, 192, 193, 194, 195, 196, 200, 203, 210, 211, 212, 213, 214, 215, 217, 218, 222, 223, 224, 225, 226, 231, 234, 245], "summary": {"covered_lines": 54, "num_statements": 76, "percent_covered": 71.05263157894737, "percent_covered_display": "71", "missing_lines": 22, "excluded_lines": 0}, "missing_lines": [78, 80, 182, 183, 188, 190, 197, 198, 199, 219, 220, 227, 228, 229, 236, 237, 238, 239, 240, 241, 242, 246], "excluded_lines": [], "functions": {"_safe_import": {"executed_lines": [76, 77, 79, 81], "summary": {"covered_lines": 4, "num_statements": 6, "percent_covered": 66.66666666666667, "percent_covered_display": "67", "missing_lines": 2, "excluded_lines": 0}, "missing_lines": [78, 80], "excluded_lines": []}, "_screen_code": {"executed_lines": [176, 177, 178, 179, 180, 181, 184, 185, 186, 187, 189, 191, 192, 193, 194, 195, 196, 200], "summary": {"covered_lines": 18, "num_statements": 25, "percent_covered": 72.0, "percent_covered_display": "72", "missing_lines": 7, "excluded_lines": 0}, "missing_lines": [182, 183, 188, 190, 197, 198, 199], "excluded_lines": []}, "execute_sandboxed": {"executed_lines": [210, 211, 212, 213, 214, 215, 217, 218, 222, 223, 224, 225, 226, 231], "summary": {"covered_lines": 14, "num_statements": 19, "percent_covered": 73.6842105263158, "percent_covered_display": "74", "missing_lines": 5, "excluded_lines": 0}, "missing_lines": [219, 220, 227, 228, 229], "excluded_lines": []}, "main": {"executed_lines": [], "summary": {"covered_lines": 0, "num_statements": 7, "percent_covered": 0.0, "percent_covered_display": "0", "missing_lines": 7, "excluded_lines": 0}, "missing_lines": [236, 237, 238, 239, 240, 241, 242], "excluded_lines": []}, "": {"executed_lines": [1, 3, 5, 6, 7, 8, 9, 11, 45, 75, 84, 143, 150, 157, 165, 174, 203, 234, 245], "summary": {"covered_lines": 18, "num_statements": 19, "percent_covered": 94.73684210526316, "percent_covered_display": "95", "missing_lines": 1, "excluded_lines": 0}, "missing_lines": [246], "excluded_lines": []}}, "classes": {"": {"executed_lines": [1, 3, 5, 6, 7, 8, 9, 11, 45, 75, 76, 77, 79, 81, 84, 143, 150, 157, 165, 174, 176, 177, 178, 179, 180, 181, 184, 185, 186, 187, 189, 191, 192, 193, 194, 195, 196, 200, 203, 210, 211, 212, 213, 214, 215, 217, 218, 222, 223, 224, 225, 226, 231, 234, 245], "summary": {"covered_lines": 54, "num_statements": 76, "percent_covered": 71.05263157894737, "percent_covered_display": "71", "missing_lines": 22, "excluded_lines": 0}, "missing_lines": [78, 80, 182, 183, 188, 190, 197, 198, 199, 219, 220, 227, 228, 229, 236, 237, 238, 239, 240, 241, 242, 246], "excluded_lines": []}}}, "metis/validation/__init__.py": {"executed_lines": [1, 3, 5, 6, 7, 8, 11, 12, 13, 14, 15, 18, 20, 21, 22, 23, 24, 26, 29, 30, 31, 34, 37, 39, 40, 41, 42, 43, 44, 45, 46, 49, 52, 53, 54, 57, 58, 59, 60, 61], "summary": {"covered_lines": 39, "num_statements": 45, "percent_covered": 86.66666666666667, "percent_covered_display": "87", "missing_lines": 6, "excluded_lines": 0}, "missing_lines": [27, 32, 47, 48, 55, 56], "excluded_lines": [], "functions": {"validate_json_output": {"executed_lines": [20, 21, 22, 23, 24, 26, 29, 30, 31, 34], "summary": {"covered_lines": 10, "num_statements": 12, "percent_covered": 83.33333333333333, "percent_covered_display": "83", "missing_lines": 2, "excluded_lines": 0}, "missing_lines": [27, 32], "excluded_lines": []}, "validate_task_spec_fields": {"executed_lines": [39, 40, 41, 42, 43, 44, 45, 46, 49], "summary": {"covered_lines": 9, "num_statements": 11, "percent_covered": 81.81818181818181, "percent_covered_display": "82", "missing_lines": 2, "excluded_lines": 0}, "missing_lines": [47, 48], "excluded_lines": []}, "_extract_json_object": {"executed_lines": [53, 54, 57, 58, 59, 60, 61], "summary": {"covered_lines": 7, "num_statements": 9, "percent_covered": 77.77777777777777, "percent_covered_display": "78", "missing_lines": 2, "excluded_lines": 0}, "missing_lines": [55, 56], "excluded_lines": []}, "": {"executed_lines": [1, 3, 5, 6, 7, 8, 11, 12, 13, 14, 15, 18, 37, 52], "summary": {"covered_lines": 13, "num_statements": 13, "percent_covered": 100.0, "percent_covered_display": "100", "missing_lines": 0, "excluded_lines": 0}, "missing_lines": [], "excluded_lines": []}}, "classes": {"ValidationResult": {"executed_lines": [], "summary": {"covered_lines": 0, "num_statements": 0, "percent_covered": 100.0, "percent_covered_display": "100", "missing_lines": 0, "excluded_lines": 0}, "missing_lines": [], "excluded_lines": []}, "": {"executed_lines": [1, 3, 5, 6, 7, 8, 11, 12, 13, 14, 15, 18, 20, 21, 22, 23, 24, 26, 29, 30, 31, 34, 37, 39, 40, 41, 42, 43, 44, 45, 46, 49, 52, 53, 54, 57, 58, 59, 60, 61], "summary": {"covered_lines": 39, "num_statements": 45, "percent_covered": 86.66666666666667, "percent_covered_display": "87", "missing_lines": 6, "excluded_lines": 0}, "missing_lines": [27, 32, 47, 48, 55, 56], "excluded_lines": []}}}, "metis/verify/__init__.py": {"executed_lines": [1], "summary": {"covered_lines": 0, "num_statements": 0, "percent_covered": 100.0, "percent_covered_display": "100", "missing_lines": 0, "excluded_lines": 0}, "missing_lines": [], "excluded_lines": [], "functions": {"": {"executed_lines": [], "summary": {"covered_lines": 0, "num_statements": 0, "percent_covered": 100.0, "percent_covered_display": "100", "missing_lines": 0, "excluded_lines": 0}, "missing_lines": [], "excluded_lines": []}}, "classes": {"": {"executed_lines": [], "summary": {"covered_lines": 0, "num_statements": 0, "percent_covered": 100.0, "percent_covered_display": "100", "missing_lines": 0, "excluded_lines": 0}, "missing_lines": [], "excluded_lines": []}}}, "metis/verify/critic.py": {"executed_lines": [1, 3, 5, 7, 8, 9, 10, 12, 24, 25, 26, 27, 28, 31, 37, 38, 43, 44, 45, 46], "summary": {"covered_lines": 19, "num_statements": 21, "percent_covered": 90.47619047619048, "percent_covered_display": "90", "missing_lines": 2, "excluded_lines": 0}, "missing_lines": [51, 52], "excluded_lines": [], "functions": {"verify_answer": {"executed_lines": [37, 38, 43, 44, 45, 46], "summary": {"covered_lines": 6, "num_statements": 8, "percent_covered": 75.0, "percent_covered_display": "75", "missing_lines": 2, "excluded_lines": 0}, "missing_lines": [51, 52], "excluded_lines": []}, "": {"executed_lines": [1, 3, 5, 7, 8, 9, 10, 12, 24, 25, 26, 27, 28, 31], "summary": {"covered_lines": 13, "num_statements": 13, "percent_covered": 100.0, "percent_covered_display": "100", "missing_lines": 0, "excluded_lines": 0}, "missing_lines": [], "excluded_lines": []}}, "classes": {"Verdict": {"executed_lines": [], "summary": {"covered_lines": 0, "num_statements": 0, "percent_covered": 100.0, "percent_covered_display": "100", "missing_lines": 0, "excluded_lines": 0}, "missing_lines": [], "excluded_lines": []}, "": {"executed_lines": [1, 3, 5, 7, 8, 9, 10, 12, 24, 25, 26, 27, 28, 31, 37, 38, 43, 44, 45, 46], "summary": {"covered_lines": 19, "num_statements": 21, "percent_covered": 90.47619047619048, "percent_covered_display": "90", "missing_lines": 2, "excluded_lines": 0}, "missing_lines": [51, 52], "excluded_lines": []}}}, "metis/verify/grounded.py": {"executed_lines": [1, 19, 21, 22, 23, 25, 26, 27, 28, 31, 32, 33, 36, 37, 38, 40, 41, 44, 46, 47, 50, 51, 52, 57, 65, 67, 68, 70, 71, 72, 73, 78, 79, 80, 81, 82, 83, 84, 86, 87, 89, 91, 92, 93, 94, 97, 98, 99], "summary": {"covered_lines": 46, "num_statements": 48, "percent_covered": 95.83333333333333, "percent_covered_display": "96", "missing_lines": 2, "excluded_lines": 0}, "missing_lines": [53, 54], "excluded_lines": [], "functions": {"extract_code_blocks": {"executed_lines": [46, 47], "summary": {"covered_lines": 2, "num_statements": 2, "percent_covered": 100.0, "percent_covered_display": "100", "missing_lines": 0, "excluded_lines": 0}, "missing_lines": [], "excluded_lines": []}, "_code_tool": {"executed_lines": [51, 52], "summary": {"covered_lines": 2, "num_statements": 4, "percent_covered": 50.0, "percent_covered_display": "50", "missing_lines": 2, "excluded_lines": 0}, "missing_lines": [53, 54], "excluded_lines": []}, "grounded_verify": {"executed_lines": [65, 67, 68, 70, 71, 72, 73, 78, 79, 80, 81, 82, 83, 84, 86, 87, 89, 91, 92, 93, 94, 97, 98, 99], "summary": {"covered_lines": 24, "num_statements": 24, "percent_covered": 100.0, "percent_covered_display": "100", "missing_lines": 0, "excluded_lines": 0}, "missing_lines": [], "excluded_lines": []}, "": {"executed_lines": [1, 19, 21, 22, 23, 25, 26, 27, 28, 31, 32, 33, 36, 37, 38, 40, 41, 44, 50, 57], "summary": {"covered_lines": 18, "num_statements": 18, "percent_covered": 100.0, "percent_covered_display": "100", "missing_lines": 0, "excluded_lines": 0}, "missing_lines": [], "excluded_lines": []}}, "classes": {"GroundedVerdict": {"executed_lines": [], "summary": {"covered_lines": 0, "num_statements": 0, "percent_covered": 100.0, "percent_covered_display": "100", "missing_lines": 0, "excluded_lines": 0}, "missing_lines": [], "excluded_lines": []}, "": {"executed_lines": [1, 19, 21, 22, 23, 25, 26, 27, 28, 31, 32, 33, 36, 37, 38, 40, 41, 44, 46, 47, 50, 51, 52, 57, 65, 67, 68, 70, 71, 72, 73, 78, 79, 80, 81, 82, 83, 84, 86, 87, 89, 91, 92, 93, 94, 97, 98, 99], "summary": {"covered_lines": 46, "num_statements": 48, "percent_covered": 95.83333333333333, "percent_covered_display": "96", "missing_lines": 2, "excluded_lines": 0}, "missing_lines": [53, 54], "excluded_lines": []}}}}, "totals": {"covered_lines": 3748, "num_statements": 4569, "percent_covered": 82.03107901072445, "percent_covered_display": "82", "missing_lines": 821, "excluded_lines": 32}}